gitClone.sh: [INFO] Git Clone Wrapper. Version=1.2.0
gitClone.sh: [INFO] **************************************************************
gitClone.sh: [INFO] ** Start Git Clone on HOST/USER: z/OS ZT01 01.00 03 8561/BPXROOT
gitClone.sh: [INFO] **          Repo: https://github.com/dennis-behm/base.git
gitClone.sh: [INFO] **       WorkDir: /u/dbehm/git/june-engagement-workspace/ts1_change_base/base/main/dbbbuild_2025-06-27_08-52-10
gitClone.sh: [INFO] **        GitDir: base
gitClone.sh: [INFO] **           Ref: main -> main
gitClone.sh: [INFO] **************************************************************

gitClone.sh: [INFO] Preforming Git Clone of Repo https://github.com/dennis-behm/base.git, Ref main to /u/dbehm/git/june-engagement-workspace/ts1_change_base/base/main/dbbbuild_2025-06-27_08-52-10
gitClone.sh: [INFO] git clone -b main https://github.com/dennis-behm/base.git
Cloning into 'base'...
gitClone.sh: [INFO] Git Status for base
On branch main
Your branch is up to date with 'origin/main'.

nothing to commit, working tree clean
gitClone.sh: [INFO] Git Show-Ref for base
ebb0b0a59879694e65ba7e12a92cc6a714e9f9f6 refs/heads/main
ebb0b0a59879694e65ba7e12a92cc6a714e9f9f6 refs/remotes/origin/HEAD
ebb0b0a59879694e65ba7e12a92cc6a714e9f9f6 refs/remotes/origin/main
gitClone.sh: [INFO] Clone Repository Complete. rc=0
dbbBuild.sh: [INFO] DBB Build Wrapper. Version=1.20
dbbBuild.sh: [WARNING] Db2 JDBC User not set. It is recommended to use Db2 for the DBB Metadatastore.
dbbBuild.sh: [WARNING] Db2 JDBC Password file not set. It is recommended to use Db2 for the DBB Metadatastore.
dbbBuild.sh: [INFO] **************************************************************
dbbBuild.sh: [INFO] ** Start Fetch Build Dependencies on HOST/USER: z/OS ZT01 01.00 03 8561/DBEHM
dbbBuild.sh: [INFO] **                     WorkDir: /u/dbehm/git/june-engagement-workspace/ts1_change_base/base/main/dbbbuild_2025-06-27_08-52-10
dbbBuild.sh: [INFO] **                 Application: base
dbbBuild.sh: [INFO] **                      Branch: main
dbbBuild.sh: [INFO] **     Application Descriptor : /u/dbehm/git/june-engagement-workspace/ts1_change_base/base/main/dbbbuild_2025-06-27_08-52-10/base/applicationDescriptor.yml
dbbBuild.sh: [INFO] **          Use Package Cache : true
dbbBuild.sh: [INFO] **     Archive Cache Location : /u/dbehm/cbs/.archiveCache
dbbBuild.sh: [INFO] **    External Dependency Log : /u/dbehm/git/june-engagement-workspace/ts1_change_base/base/main/dbbbuild_2025-06-27_08-52-10/logs/externalDependenciesLog.yml
dbbBuild.sh: [INFO] **************************************************************

dbbBuild.sh: [INFO] ** Fetch Application Dependencies from Artifact Repository
dbbBuild.sh: [INFO] ** CMD : groovyz /u/dbehm/git/dbb/Templates/Common-Backend-Scripts/utilities/fetchBuildDependencies.groovy -w /u/dbehm/git/june-engagement-workspace/ts1_change_base/base/main/dbbbuild_2025-06-27_08-52-10 -a /u/dbehm/git/june-engagement-workspace/ts1_change_base/base/main/dbbbuild_2025-06-27_08-52-10/base/applicationDescriptor.yml -p /u/dbehm/git/dbb/Templates/Common-Backend-Scripts/pipelineBackend.config -b main -d /u/dbehm/git/june-engagement-workspace/ts1_change_base/base/main/dbbbuild_2025-06-27_08-52-10/logs/externalDependenciesLog.yml -c /u/dbehm/cbs/.archiveCache
** Script configuration:
   applicationDescriptor -> /u/dbehm/git/june-engagement-workspace/ts1_change_base/base/main/dbbbuild_2025-06-27_08-52-10/base/applicationDescriptor.yml
   archiveCache -> /u/dbehm/cbs/.archiveCache
   artifactRepository.password -> xxxxxx 
   artifactRepository.url -> http://10.3.20.231:8081/artifactory
   artifactRepository.user -> admin 
   artifactRepositoryNameSuffix -> dbehm-repo-local
   branch -> main
   enablePackageCache -> true
   externalDependenciesFilePath -> /u/dbehm/git/june-engagement-workspace/ts1_change_base/base/main/dbbbuild_2025-06-27_08-52-10/logs/externalDependenciesLog.yml
   pipelineBackendConfigFile -> /u/dbehm/git/dbb/Templates/Common-Backend-Scripts/pipelineBackend.config
   workspace -> /u/dbehm/git/june-engagement-workspace/ts1_change_base/base/main/dbbbuild_2025-06-27_08-52-10
** [INFO] No baseline record found for application 'base'.
** Write ExternalDependency Record to /u/dbehm/git/june-engagement-workspace/ts1_change_base/base/main/dbbbuild_2025-06-27_08-52-10/logs/externalDependenciesLog.yml
** Build finished
dbbBuild.sh: [INFO] Fetch Build Dependencies Completed. rc=0

dbbBuild.sh: [INFO] **************************************************************
dbbBuild.sh: [INFO] ** Started - DBB Build on HOST/USER: z/OS ZT01 01.00 03 8561/DBEHM
dbbBuild.sh: [INFO] **          Workspace: /u/dbehm/git/june-engagement-workspace/ts1_change_base/base/main/dbbbuild_2025-06-27_08-52-10
dbbBuild.sh: [INFO] **        Application: base
dbbBuild.sh: [INFO] **             Branch: main
dbbBuild.sh: [INFO] **         Build Type: --fullBuild --debug
dbbBuild.sh: [INFO] **                HLQ: DBEHM.BASE.MAIN.BLD
dbbBuild.sh: [INFO] **             AppDir: /u/dbehm/git/june-engagement-workspace/ts1_change_base/base/main/dbbbuild_2025-06-27_08-52-10/base
dbbBuild.sh: [INFO] **             LogDir: /u/dbehm/git/june-engagement-workspace/ts1_change_base/base/main/dbbbuild_2025-06-27_08-52-10/logs
dbbBuild.sh: [INFO] **     zAppBuild Path: /u/dbehm/git/dbb-zappbuild
dbbBuild.sh: [INFO] **           DBB_HOME: /tmp/dbb_v302_patch_national_chars
dbbBuild.sh: [INFO] **      DBB JDBC USER:
dbbBuild.sh: [INFO] **  DBB JDBC Pwd File:
dbbBuild.sh: [INFO] **           Verbose : --verbose
dbbBuild.sh: [INFO] **         DBB Logger: No
dbbBuild.sh: [INFO] **************************************************************

dbbBuild.sh: [INFO] Invoking the zAppBuild Build Framework.
dbbBuild.sh: [INFO] /tmp/dbb_v302_patch_national_chars/bin/groovyz  /u/dbehm/git/dbb-zappbuild/build.groovy --workspace /u/dbehm/git/june-engagement-workspace/ts1_change_base/base/main/dbbbuild_2025-06-27_08-52-10 --application base --outDir /u/dbehm/git/june-engagement-workspace/ts1_change_base/base/main/dbbbuild_2025-06-27_08-52-10/logs --hlq DBEHM.BASE.MAIN.BLD --verbose --logEncoding UTF-8 --propFiles /var/dbb/dbb-zappbuild-config/build.properties,/var/dbb/dbb-zappbuild-config/datasets.properties,/var/dbb/dbb-zappbuild-config/buildFolder.properties,/u/dbehm/git/workspace_test/skipJCL.properties --fullBuild --debug

** Build start at 20250627.085229.803
**************** Initialization of the build process ****************
** Input args = --workspace /u/dbehm/git/june-engagement-workspace/ts1_change_base/base/main/dbbbuild_2025-06-27_08-52-10 --application base --outDir /u/dbehm/git/june-engagement-workspace/ts1_change_base/base/main/dbbbuild_2025-06-27_08-52-10/logs --hlq DBEHM.BASE.MAIN.BLD --verbose --logEncoding UTF-8 --propFiles /var/dbb/dbb-zappbuild-config/build.properties,/var/dbb/dbb-zappbuild-config/datasets.properties,/var/dbb/dbb-zappbuild-config/buildFolder.properties,/u/dbehm/git/workspace_test/skipJCL.properties --fullBuild --debug
** Loading property file /u/dbehm/git/dbb-zappbuild/build-conf/build.properties
** Loading zAppBuild build properties
** Loading property file /u/dbehm/git/dbb-zappbuild/build-conf/datasets.properties
** Loading property file /u/dbehm/git/dbb-zappbuild/build-conf/GlobalOptions.properties
** Loading property file /u/dbehm/git/dbb-zappbuild/build-conf/dependencyReport.properties
** Loading property file /u/dbehm/git/dbb-zappbuild/build-conf/Assembler.properties
** Loading property file /u/dbehm/git/dbb-zappbuild/build-conf/BMS.properties
** Loading property file /u/dbehm/git/dbb-zappbuild/build-conf/Cobol.properties
** Loading property file /u/dbehm/git/dbb-zappbuild/build-conf/Transfer.properties
** Loading property file /u/dbehm/git/dbb-zappbuild/build-conf/MFS.properties
** Loading property file /u/dbehm/git/dbb-zappbuild/build-conf/PSBgen.properties
** Loading property file /u/dbehm/git/dbb-zappbuild/build-conf/DBDgen.properties
** Loading property file /u/dbehm/git/dbb-zappbuild/build-conf/ACBgen.properties
** Loading property file /u/dbehm/git/dbb-zappbuild/build-conf/LinkEdit.properties
** Loading property file /u/dbehm/git/dbb-zappbuild/build-conf/PLI.properties
** Loading property file /u/dbehm/git/dbb-zappbuild/build-conf/REXX.properties
** Loading property file /u/dbehm/git/dbb-zappbuild/build-conf/TazUnitTest.properties
** Loading property file /u/dbehm/git/dbb-zappbuild/build-conf/CRB.properties
** Loading property file /u/dbehm/git/dbb-zappbuild/build-conf/zCEE3.properties
** Loading property file /u/dbehm/git/dbb-zappbuild/build-conf/zCEE2.properties
** Loading property file /u/dbehm/git/dbb-zappbuild/build-conf/Easytrieve.properties
** Loading property file /u/dbehm/git/dbb-zappbuild/build-conf/CPP.properties
** Loading default application properties
** Loading property file /u/dbehm/git/dbb-zappbuild/build-conf/defaultzAppBuildConf.properties
** Loading application specific properties
** applicationConfDir = /u/dbehm/git/june-engagement-workspace/ts1_change_base/base/main/dbbbuild_2025-06-27_08-52-10/base/application-conf
** Loading property file /u/dbehm/git/june-engagement-workspace/ts1_change_base/base/main/dbbbuild_2025-06-27_08-52-10/base/application-conf/application.properties
** Loading property file /u/dbehm/git/june-engagement-workspace/ts1_change_base/base/main/dbbbuild_2025-06-27_08-52-10/base/application-conf/file.properties
** Loading property file /u/dbehm/git/june-engagement-workspace/ts1_change_base/base/main/dbbbuild_2025-06-27_08-52-10/base/application-conf/bind.properties
** Loading property file /u/dbehm/git/june-engagement-workspace/ts1_change_base/base/main/dbbbuild_2025-06-27_08-52-10/base/application-conf/Assembler.properties
** Loading property file /u/dbehm/git/june-engagement-workspace/ts1_change_base/base/main/dbbbuild_2025-06-27_08-52-10/base/application-conf/BMS.properties
** Loading property file /u/dbehm/git/june-engagement-workspace/ts1_change_base/base/main/dbbbuild_2025-06-27_08-52-10/base/application-conf/Cobol.properties
** Loading property file /u/dbehm/git/june-engagement-workspace/ts1_change_base/base/main/dbbbuild_2025-06-27_08-52-10/base/application-conf/LinkEdit.properties
** Loading property file /u/dbehm/git/june-engagement-workspace/ts1_change_base/base/main/dbbbuild_2025-06-27_08-52-10/base/application-conf/bind.properties
** Loading property file /u/dbehm/git/june-engagement-workspace/ts1_change_base/base/main/dbbbuild_2025-06-27_08-52-10/base/application-conf/PLI.properties
** Loading property file /u/dbehm/git/june-engagement-workspace/ts1_change_base/base/main/dbbbuild_2025-06-27_08-52-10/base/application-conf/MFS.properties
** Loading property file /u/dbehm/git/june-engagement-workspace/ts1_change_base/base/main/dbbbuild_2025-06-27_08-52-10/base/application-conf/PSBgen.properties
** Loading property file /u/dbehm/git/june-engagement-workspace/ts1_change_base/base/main/dbbbuild_2025-06-27_08-52-10/base/application-conf/DBDgen.properties
** Loading property file /u/dbehm/git/june-engagement-workspace/ts1_change_base/base/main/dbbbuild_2025-06-27_08-52-10/base/application-conf/ACBgen.properties
** Loading property file /u/dbehm/git/june-engagement-workspace/ts1_change_base/base/main/dbbbuild_2025-06-27_08-52-10/base/application-conf/REXX.properties
** Loading property file /u/dbehm/git/june-engagement-workspace/ts1_change_base/base/main/dbbbuild_2025-06-27_08-52-10/base/application-conf/TazUnitTest.properties
** Loading property file /u/dbehm/git/june-engagement-workspace/ts1_change_base/base/main/dbbbuild_2025-06-27_08-52-10/base/application-conf/Transfer.properties
** Loading property file /u/dbehm/git/june-engagement-workspace/ts1_change_base/base/main/dbbbuild_2025-06-27_08-52-10/base/application-conf/CRB.properties
** Loading property file /u/dbehm/git/june-engagement-workspace/ts1_change_base/base/main/dbbbuild_2025-06-27_08-52-10/base/application-conf/CPP.properties
** Loading property file /u/dbehm/git/june-engagement-workspace/ts1_change_base/base/main/dbbbuild_2025-06-27_08-52-10/base/application-conf/reports.properties
** Loading property file /u/dbehm/git/june-engagement-workspace/ts1_change_base/base/main/dbbbuild_2025-06-27_08-52-10/base/application-conf/languageConfigurationMapping.properties
** Loading property file /var/dbb/dbb-zappbuild-config/build.properties
** Loading property file /var/dbb/dbb-zappbuild-config/datasets.properties
** Loading property file /var/dbb/dbb-zappbuild-config/buildFolder.properties
** Loading property file /u/dbehm/git/workspace_test/skipJCL.properties
java.version=11.0.21+9
java.home=/V3R1/usr/lpp/java/J11.0_64
user.dir=/u/dbehm/git/june-engagement/scripts/uc4-filtered-deployments/base
** Build properties at start up:
EZETLOAD=
IBMZPLI_V51=
IBMZPLI_V52=PLI.V5R2.SIBMZCMP
MACLIB=SYS1.MACLIB
PDTCCMOD=PDTCC.V1R8.SIPVMODA
REFERAL=IMSCFG.IMSC.REFERAL
SASMMOD1=HLASM.SASMMOD1
SBZUSAMP=RATCFG.ZUNIT.SBZUSAMP
SCCNCMP=CBC.SCCNCMP
SCEEH=CEE.SCEEH.H
SCEELKED=CEE.SCEELKED
SCEEMAC=CEE.SCEEMAC
SCSQCOBC=WMQ.V9R2M4.SCSQCOBC
SCSQCPPS=WMQ.V9R2M4.SCSQCPPS
SCSQLOAD=WMQ.V9R2M4.SCSQLOAD
SCSQMACS=
SCSQPLIC=WMQ.V9R2M4.SCSQPLIC
SDFHC370=CICSTS.V5R4.CICS.SDFHC370
SDFHCOB=CICSTS.V5R4.CICS.SDFHCOB
SDFHLOAD=CICSTS.V5R4.CICS.SDFHLOAD
SDFHMAC=CICSTS.V5R4.CICS.SDFHMAC
SDFHPL1=CICSTS.V5R4.CICS.SDFHPL1
SDFSMAC=IMS.V15R1.SDFSMAC
SDFSRESL=IMS.V15R1.SDFSRESL
SDSNEXIT=DBC0CFG.SDSNEXIT
SDSNLOAD=DBC0CFG.DB2.V12.SDSNLOAD
SEQAMOD=DEBUG.V14R1.SEQAMOD
SEQASAMP=DEBUG.V16.SEQASAMP
SFANLMD=
SFELLOAD=RDZ.V14R1.SFELLOAD
SIGYCOMP_V4=
SIGYCOMP_V6=COBOL.V6R4.SIGYCOMP
acbgen_dbdPDS=DBEHM.BASE.MAIN.BLD.DBDLIB
acbgen_deployType=ACB
acbgen_loadDatasets=DBEHM.BASE.MAIN.BLD.ACBLIB
acbgen_loadOptions=cyl space(5,5) dir(40) dsorg(PO) recfm(U) blksize(32760) dsntype(PDS)
acbgen_loadPDS=DBEHM.BASE.MAIN.BLD.ACBLIB
acbgen_outputDatasets=DBEHM.BASE.MAIN.BLD.ACBLIB
acbgen_pgm=DFSRRC00
acbgen_pgmMaxRC=8
acbgen_pgmParms=UPB
acbgen_psbPDS=DBEHM.BASE.MAIN.BLD.PSBLIB
acbgen_requiredBuildProperties=acbgen_psbPDS,acbgen_dbdPDS,acbgen_loadPDS, acbgen_pgm,acbgen_linkEditor,acbgen_tempOptions,acbgen_maxRC, SDFSMAC,SCEEMAC
acbgen_tempOptions=cyl space(5,5) unit(vio) lrecl(80) recfm(f,b) new
addSubmodulesToBuildList=false::**/*.cbl
application=base
applicationBuildGroup=base-main
applicationBuildLabel=build.20250627.085229.803
applicationCollectionName=base-main
applicationConfDir=/u/dbehm/git/june-engagement-workspace/ts1_change_base/base/main/dbbbuild_2025-06-27_08-52-10/base/application-conf
applicationConfRootDir=
applicationCurrentBranch=main
applicationDefaultPropFiles=defaultzAppBuildConf.properties
applicationOutputsCollectionName=base-main-outputs
applicationPropFiles=file.properties,bind.properties,Assembler.properties,BMS.properties,Cobol.properties,LinkEdit.properties,bind.properties,PLI.properties,MFS.properties,PSBgen.properties,DBDgen.properties,ACBgen.properties,REXX.properties,TazUnitTest.properties,Transfer.properties,CRB.properties,CPP.properties,reports.properties,languageConfigurationMapping.properties
applicationSrcDirs=base
asmCopySearch=search:[SYSLIB:COPY]/u/dbehm/git/june-engagement-workspace/ts1_change_base/base/main/dbbbuild_2025-06-27_08-52-10/?path=base/maclib/*.mac
asmMacroSearch=search:[SYSLIB:MACRO]/u/dbehm/git/june-engagement-workspace/ts1_change_base/base/main/dbbbuild_2025-06-27_08-52-10/?path=base/maclib/*.mac
assember_cicsprecompiler=DFHEAP1$
assembler_asmaOptFile=
assembler_assemblySyslibConcatenation=
assembler_cicsprecompilerParms=
assembler_compileErrorFeedbackXmlOptions=tracks space(200,40) dsorg(PS) blksize(27998) lrecl(16383) recfm(v,b) new keep
assembler_compileErrorPrefixParms=ADATA,EX(ADX(ELAXHASM))
assembler_db2precompiler=DSNHPC
assembler_db2precompilerParms=HOST(ASM)
assembler_dbrmPDS=DBEHM.BASE.MAIN.BLD.DBRM
assembler_debugPDS=DBEHM.BASE.MAIN.BLD.EQALANGX
assembler_debugParms=ADATA
assembler_dependenciesCopyMode=TEXT
assembler_dependenciesDatasetMapping=assembler_macroPDS
assembler_dependencySearch=search:[SYSLIB:MACRO]/u/dbehm/git/june-engagement-workspace/ts1_change_base/base/main/dbbbuild_2025-06-27_08-52-10/?path=base/maclib/*.macsearch:[SYSLIB:COPY]/u/dbehm/git/june-engagement-workspace/ts1_change_base/base/main/dbbbuild_2025-06-27_08-52-10/?path=base/maclib/*.mac
assembler_deployType=LOAD
assembler_deployTypeCICS=CICSLOAD
assembler_deployTypeDLI=IMSLOAD
assembler_deployTypeIMS=IMSLOAD
assembler_eqalangx=EQALANGX
assembler_eqalangxParms=(ASM ERROR LOUD
assembler_fileBuildRank=
assembler_identifyLoad=true
assembler_impactPropertyList=assembler_pgmParms
assembler_impactPropertyListCICS=assembler_db2precompilerParms
assembler_impactPropertyListSQL=assembler_cicsprecompilerParms
assembler_linkEdit=true
assembler_linkEditMaxRC=4
assembler_linkEditParms=MAP,RENT,COMPAT(PM5)
assembler_linkEditStream=
assembler_linkEditSyslibConcatenation=
assembler_linkEditor=IEWBLINK
assembler_loadDatasets=DBEHM.BASE.MAIN.BLD.LOAD
assembler_loadOptions=cyl space(1,1) dsorg(PO) recfm(U) blksize(32760) dsntype(library)
assembler_loadPDS=DBEHM.BASE.MAIN.BLD.LOAD
assembler_macroPDS=DBEHM.BASE.MAIN.BLD.MACRO
assembler_maxCICSTranslatorRC=4
assembler_maxIDILANGX_RC=8
assembler_maxRC=4
assembler_maxSQLTranslatorRC=4
assembler_objPDS=DBEHM.BASE.MAIN.BLD.OBJ
assembler_outputDatasets=DBEHM.BASE.MAIN.BLD.LOAD,DBEHM.BASE.MAIN.BLD.DBRM
assembler_pgm=ASMA90
assembler_pgmParms=LIST
assembler_requiredBuildProperties=assembler_srcPDS,assembler_macroPDS,assembler_objPDS,assembler_loadPDS, assembler_pgm,assembler_linkEditor,assembler_tempOptions,assembler_maxRC, SASMMOD1,SDFHLOAD,SDFHMAC,MACLIB,SCEELKED,SCEEMAC, assembler_dependencySearch
assembler_scanLoadModule=true
assembler_sidefileOptions=cyl dsorg(PO) dsntype(library) space(5,5) unit(vio) blksize(27998) lrecl(1562) recfm(v,b)
assembler_srcDatasets=DBEHM.BASE.MAIN.BLD.ASM,DBEHM.BASE.MAIN.BLD.MACRO,DBEHM.BASE.MAIN.BLD.OBJ,DBEHM.BASE.MAIN.BLD.DBRM
assembler_srcOptions=cyl space(1,1) lrecl(80) dsorg(PO) recfm(F,B) dsntype(library)
assembler_srcPDS=DBEHM.BASE.MAIN.BLD.ASM
assembler_storeSSI=true
assembler_sysadataOptions=cyl space(5,5) lrecl(32756) dsorg(PO) recfm(v,b) blksize(32760) dsntype(library)
assembler_sysadataPDS=DBEHM.BASE.MAIN.BLD.SYSADATA
assembler_tempOptions=cyl space(5,5) unit(vio) lrecl(80) recfm(f,b) new
bind_collectionID=
bind_db2Location=
bind_jobCard=//DB2BIND JOB 'DBB-DB2BIND',MSGLEVEL=(1,1),MSGCLASS=R,NOTIFY=&SYSUID
bind_maxRC=4
bind_packageOwner=
bind_performBindPackage=false
bind_performBindPlan=false
bind_plan=
bind_plan_pklist=
bind_qualifier=
bmsSearch=search:/u/dbehm/git/june-engagement-workspace/ts1_change_base/base/main/dbbbuild_2025-06-27_08-52-10/?path=base/bms/*.bms
bms_assembler=ASMA90
bms_compileParms=SYSPARM(MAP),DECK,NOOBJECT
bms_copyGenParms=SYSPARM(DSECT),DECK,NOOBJECT
bms_copy_deployType=MAPCOPY
bms_cpyPDS=DBEHM.BASE.MAIN.BLD.BMS.COPY
bms_deployType=MAPLOAD
bms_fileBuildRank=
bms_impactPropertyList=bms_copyGenParms,bms_compileParms,bms_linkEditParms
bms_linkEditParms=MAP,RENT,COMPAT(PM5)
bms_linkEditor=IEWBLINK
bms_loadDatasets=DBEHM.BASE.MAIN.BLD.LOAD
bms_loadOptions=cyl space(1,1) dsorg(PO) recfm(U) blksize(32760) dsntype(library)
bms_loadPDS=DBEHM.BASE.MAIN.BLD.LOAD
bms_maxRC=0
bms_outputDatasets=DBEHM.BASE.MAIN.BLD.BMS.COPY,DBEHM.BASE.MAIN.BLD.LOAD
bms_requiredBuildProperties=bms_srcPDS,bms_cpyPDS,bms_loadPDS, bms_assembler,bms_linkEditor,bms_tempOptions,bms_maxRC, SASMMOD1,SDFHLOAD,SDFHMAC,MACLIB,SCEELKED
bms_srcDatasets=DBEHM.BASE.MAIN.BLD.BMS,DBEHM.BASE.MAIN.BLD.BMS.COPY
bms_srcOptions=cyl space(1,1) lrecl(80) dsorg(PO) recfm(F,B) dsntype(library)
bms_srcPDS=DBEHM.BASE.MAIN.BLD.BMS
bms_storeSSI=true
bms_tempOptions=cyl space(5,5) unit(vio) lrecl(80) recfm(f,b) new
buildListFileExt=txt
buildOrder=BMS.groovy,MFS.groovy,Cobol.groovy,Assembler.groovy,PLI.groovy,LinkEdit.groovy,DBDgen.groovy,PSBgen.groovy,Transfer.groovy,CRB.groovy,zCEE2.groovy
buildOutDir=/u/dbehm/git/june-engagement-workspace/ts1_change_base/base/main/dbbbuild_2025-06-27_08-52-10/logs
buildPropFiles=datasets.properties,Assembler.properties,BMS.properties,MFS.properties,PSBgen.properties,DBDgen.properties,ACBgen.properties,Cobol.properties,LinkEdit.properties,PLI.properties,ZunitConfig.properties
cobol_BMS_PDS=${team}.BMS.COPY
cobol_compileCICSParms=CICS
cobol_compileDebugParms=TEST
cobol_compileDependenciesDatasets=DBEHM.BASE.MAIN.BLD.COPY.IMP
cobol_compileErrorFeedbackXmlOptions=tracks space(200,40) dsorg(PS) blksize(27998) lrecl(16383) recfm(v,b) new keep
cobol_compileErrorPrefixParms=ADATA,EX(ADX(ELAXMGUX))
cobol_compileMaxRC=4
cobol_compileParms=LIB
cobol_compileSQLParms=SQL
cobol_compileSyslibConcatenation=
cobol_compiler=IGYCRCTL
cobol_compilerVersion=V6
cobol_cpyPDS=DBEHM.BASE.MAIN.BLD.COPY
cobol_dbrmPDS=DBEHM.BASE.MAIN.BLD.DBRM
cobol_dependenciesAlternativeLibraryNameMapping=
cobol_dependenciesCopyMode=BINARY::**/*.OBJ
cobol_dependenciesCopyMode=TEXT
cobol_dependenciesDatasetMapping=cobol_cpyPDS
cobol_dependenciesDatasetMapping=cobol_import_objPDS::**/*.OBJ
cobol_dependencySearch=search:/u/dbehm/git/june-engagement-workspace/ts1_change_base/base/main/dbbbuild_2025-06-27_08-52-10/?path=base/src/copy/*.cpy
cobol_deployType=LOAD
cobol_deployTypeCICS=CICSLOAD
cobol_deployTypeDLI=IMSLOAD
cobol_deployTypeIMS=IMSLOAD
cobol_fileBuildRank=
cobol_identifyLoad=true
cobol_impactPropertyList=cobol_compilerVersion,cobol_compileParms
cobol_impactPropertyListCICS=cobol_compileCICSParms
cobol_impactPropertyListSQL=cobol_compileSQLParms
cobol_import_cpyPDS=DBEHM.BASE.MAIN.BLD.COPY.IMP
cobol_import_objPDS=DBEHM.BASE.MAIN.BLD.OBJ.IMP
cobol_linkDebugExit=
cobol_linkEdit=true
cobol_linkEditDependenciesDatasets=DBEHM.BASE.MAIN.BLD.OBJ.IMP
cobol_linkEditMaxRC=4
cobol_linkEditParms=MAP,RENT,COMPAT(PM5)
cobol_linkEditStream=
cobol_linkEditSyslibConcatenation=
cobol_linkEditor=IEWBLINK
cobol_loadDatasets=DBEHM.BASE.MAIN.BLD.LOAD
cobol_loadOptions=cyl space(1,1) dsorg(PO) recfm(U) blksize(32760) dsntype(library)
cobol_loadPDS=DBEHM.BASE.MAIN.BLD.LOAD
cobol_objPDS=DBEHM.BASE.MAIN.BLD.OBJ
cobol_outputDatasets=DBEHM.BASE.MAIN.BLD.LOAD
cobol_printTempOptions=cyl space(5,5) unit(vio) lrecl(133) recfm(f,b) new
cobol_requiredBuildProperties=cobol_srcPDS,cobol_cpyPDS,cobol_objPDS,cobol_loadPDS,cobol_compiler,cobol_linkEditor,cobol_tempOptions,applicationOutputsCollectionName,SDFHCOB,SDFHLOAD,SDSNLOAD,SCEELKED, cobol_dependencySearch
cobol_scanLoadModule=true
cobol_srcDatasets=DBEHM.BASE.MAIN.BLD.COBOL,DBEHM.BASE.MAIN.BLD.COPY,DBEHM.BASE.MAIN.BLD.OBJ,DBEHM.BASE.MAIN.BLD.DBRM
cobol_srcOptions=cyl space(1,1) lrecl(80) dsorg(PO) recfm(F,B) dsntype(library)
cobol_srcPDS=DBEHM.BASE.MAIN.BLD.COBOL
cobol_storeSSI=true
cobol_tempOptions=cyl space(5,5) unit(vio) lrecl(80) recfm(f,b) new
cobol_test_loadDatasets=DBEHM.BASE.MAIN.BLD.TEST.LOAD
cobol_test_loadOptions=cyl space(1,1) dsorg(PO) recfm(U) blksize(32760) dsntype(library)
cobol_test_srcDatasets=DBEHM.BASE.MAIN.BLD.TEST.COBOL
cobol_test_srcOptions=cyl space(1,1) lrecl(80) dsorg(PO) recfm(F,B) dsntype(library)
cobol_testcase_loadPDS=DBEHM.BASE.MAIN.BLD.TEST.LOAD
cobol_testcase_srcPDS=DBEHM.BASE.MAIN.BLD.TEST.COBOL
continueOnScanFailure=true
copybookSearch=search:/u/dbehm/git/june-engagement-workspace/ts1_change_base/base/main/dbbbuild_2025-06-27_08-52-10/?path=base/src/copy/*.cpy
cppHeaderSearch=search:/u/dbehm/git/june-engagement-workspace/ts1_change_base/base/main/dbbbuild_2025-06-27_08-52-10/?path=base/headers/*.h
cpp_assemblySyslibConcatenation=
cpp_compileCICSParms=CICS
cpp_compileDebugParms=TEST
cpp_compileMaxRC=4
cpp_compileParms=LIB
cpp_compileSQLParms=SQL
cpp_compileSyslibConcatenation=
cpp_dependenciesCopyMode=TEXT
cpp_dependenciesDatasetMapping=cpp_headerPDS
cpp_dependencySearch=search:/u/dbehm/git/june-engagement-workspace/ts1_change_base/base/main/dbbbuild_2025-06-27_08-52-10/?path=base/headers/*.h
cpp_deployType=LOAD
cpp_deployTypeCICS=CICSLOAD
cpp_deployTypeDLI=IMSLOAD
cpp_fileBuildRank=
cpp_headerPDS=DBEHM.BASE.MAIN.BLD.CPP.H
cpp_identifyLoad=true
cpp_impactPropertyList=cpp_compileParms
cpp_impactPropertyListCICS=cpp_compileCICSParms
cpp_impactPropertyListSQL=cpp_compileSQLParms
cpp_linkEdit=true
cpp_linkEditMaxRC=4
cpp_linkEditParms=MAP,RENT,COMPAT(PM5)
cpp_linkEditStream=
cpp_linkEditSyslibConcatenation=
cpp_linkEditor=IEWBLINK
cpp_loadDatasets=DBEHM.BASE.MAIN.BLD.LOAD
cpp_loadOptions=cyl space(1,1) dsorg(PO) recfm(U) blksize(32760) dsntype(library)
cpp_loadPDS=DBEHM.BASE.MAIN.BLD.LOAD
cpp_objPDS=DBEHM.BASE.MAIN.BLD.OBJ
cpp_outputDatasets=DBEHM.BASE.MAIN.BLD.LOAD
cpp_requiredBuildProperties=cpp_srcPDS,cpp_objPDS,cpp_loadPDS, cpp_compiler,cpp_linkEditor,cpp_tempOptions,cpp_compileMaxRC,SCCNCMPcpp_compiler=CCNDRVR
cpp_scanLoadModule=true
cpp_srcDatasets=DBEHM.BASE.MAIN.BLD.CPP,DBEHM.BASE.MAIN.BLD.CPP.H,DBEHM.BASE.MAIN.BLD.OBJ
cpp_srcOptions=cyl space(1,1) lrecl(80) dsorg(PO) recfm(F,B) dsntype(library)
cpp_srcPDS=DBEHM.BASE.MAIN.BLD.CPP
cpp_storeSSI=true
cpp_tempListOptions=cyl space(15,15)  lrecl(137) recfm(v,b) new
cpp_tempOptions=cyl space(5,5) unit(vio) lrecl(80) recfm(f,b) new
crb_applicationConstraintsFile=/u/dbehm/git/dbb-zappbuild/build-conf/cicsResourceBuilderConfigurations/base-constraints.yaml
crb_maxRC=4
crb_requiredBuildProperties=crb_zrbLocation,crb_resourceModelFile
crb_resourceModelFile=/u/dbehm/git/dbb-zappbuild/build-conf/cicsResourceBuilderConfigurations/base-model.yaml
crb_zrbLocation=
createBuildOutputSubfolder=false
createTestcaseDependency=true
dbb.AbstractScanner.encoding=ibm-1047
dbb.DependencyScanner.controlTransfers=false
dbb.DependencyScanner.languageHint=C::**/*.c,**/*.cpp,**/*.h
dbb.LinkEditScanner.excludeFilter=CICSTS.V5R4.CICS.SDFHLOAD.*, CEE.SCEELKED.*
dbb.RepositoryClient.password=ADMIN
dbb.RepositoryClient.passwordFile=/u/dbehm/git/dbb-zappbuild/utilities/ADMIN.pw
dbb.RepositoryClient.url=https://10.3.20.96:10443/dbb
dbb.RepositoryClient.userId=ADMIN
dbb.file.tagging=true
dbb.gateway.accountNumber=
dbb.gateway.groupId=
dbb.gateway.logLevel=2
dbb.gateway.procedureName=
dbb.gateway.regionSize=
dbb.gateway.type=legacy
dbb.scannerMapping="scannerClass":"DependencyScanner", "languageHint":"ASM"::asm,mac
dbb.scannerMapping="scannerClass":"DependencyScanner", "languageHint":"C"::c,h
dbb.scannerMapping="scannerClass":"DependencyScanner", "languageHint":"COB"::cbl,cpy,cob
dbb.scannerMapping="scannerClass":"DependencyScanner", "languageHint":"CPP"::cpp,hpp
dbb.scannerMapping="scannerClass":"DependencyScanner", "languageHint":"EASY"::ezt,eztm
dbb.scannerMapping="scannerClass":"DependencyScanner", "languageHint":"PLI"::pli,inc
dbb.scannerMapping="scannerClass":"DependencyScanner", "languageHint":"REXX"::rexx
dbb.scannerMapping="scannerClass":"ZUnitConfigScanner"::bzucfg
dbb.scriptMapping=Assembler.groovy::**/*.asm
dbb.scriptMapping=BMS.groovy::**/*.bms
dbb.scriptMapping=CRB.groovy::**/crb/*.yaml
dbb.scriptMapping=Cobol.groovy::**/*.cbl
dbb.scriptMapping=DBDgen.groovy::**/dbd/*.asm
dbb.scriptMapping=Easytrieve.groovy::**/*.ezt
dbb.scriptMapping=LinkEdit.groovy::**/*.lnk
dbb.scriptMapping=MFS.groovy::**/*.mfs
dbb.scriptMapping=PLI.groovy::**/*.pli
dbb.scriptMapping=PSBgen.groovy::**/psb/*.asm
dbb.scriptMapping=TazUnitTest.groovy::**/*.bzucfg
dbb.scriptMapping=Transfer.groovy::**/*.jcl,**/*.xml
dbb.scriptMapping=zCEE2.groovy::**/zosconnect_artefacts/apis/*.*,**/zosconnect_artefacts/services/*.*,**/zosconnect_artefacts/apiRequester/*.properties,**/zosconnect_artefacts/SAR/*.properties
dbb.scriptMapping=zCEE3.groovy::**/openapi.yaml
dbdgen_assemblerMaxRC=4
dbdgen_compileErrorFeedbackXmlOptions=tracks space(200,40) dsorg(PS) blksize(27998) lrecl(16383) recfm(v,b) new keep
dbdgen_compileErrorPrefixParms=ADATA,EX(ADX(ELAXHASM))
dbdgen_deployType=DBD
dbdgen_fileBuildRank=
dbdgen_impactPropertyList=dbdgen_pgmParms
dbdgen_linkEditMaxRC=0
dbdgen_linkEditParms=XREF,LIST
dbdgen_linkEditor=IEWBLINK
dbdgen_loadDatasets=DBEHM.BASE.MAIN.BLD.DBDLIB
dbdgen_loadOptions=cyl space(1,1) dsorg(PO) recfm(U) blksize(32760) dsntype(library)
dbdgen_loadPDS=DBEHM.BASE.MAIN.BLD.DBDLIB
dbdgen_objPDS=DBEHM.BASE.MAIN.BLD.OBJ
dbdgen_outputDatasets=DBEHM.BASE.MAIN.BLD.DBDLIB
dbdgen_pgm=ASMA90
dbdgen_pgmParms=OBJECT,NODECK,NODBCS,'SIZE(MAX,ABOVE)'
dbdgen_requiredBuildProperties=dbdgen_srcPDS,dbdgen_objPDS,dbdgen_loadPDS, dbdgen_pgm,dbdgen_linkEditor,dbdgen_tempOptions,dbdgen_assemblerMaxRC, SDFSMAC,SCEEMAC
dbdgen_runACBgen=true
dbdgen_srcDatasets=DBEHM.BASE.MAIN.BLD.DBD,DBEHM.BASE.MAIN.BLD.OBJ
dbdgen_srcOptions=cyl space(1,1) lrecl(80) dsorg(PO) recfm(F,B) dsntype(library)
dbdgen_srcPDS=DBEHM.BASE.MAIN.BLD.DBD
dbdgen_tempOptions=cyl space(5,5) unit(vio) lrecl(80) recfm(f,b) new
debug=true
documentDeleteRecords=true
easytrieve_compiler=FSYTPA00
easytrieve_cpyPDS=DBEHM.BASE.MAIN.BLD.MAC
easytrieve_dbrmPDS=DBEHM.BASE.MAIN.BLD.DBRM
easytrieve_dependenciesCopyMode=TEXT
easytrieve_dependenciesDatasetMapping=easytrieve_cpyPDS
easytrieve_linkEditor=IEWBLINK
easytrieve_loadDatasets=DBEHM.BASE.MAIN.BLD.LOAD
easytrieve_loadOptions=cyl space(1,1) dsorg(PO) recfm(U) blksize(32760) dsntype(library)
easytrieve_loadPDS=DBEHM.BASE.MAIN.BLD.LOAD
easytrieve_objPDS=DBEHM.BASE.MAIN.BLD.OBJ
easytrieve_outputDatasets=DBEHM.BASE.MAIN.BLD.LOAD
easytrieve_printTempOptions=cyl space(5,5) unit(vio) lrecl(133) recfm(f,b) new
easytrieve_requiredBuildProperties=easytrieve_srcPDS,easytrieve_cpyPDS,easytrieve_objPDS,easytrieve_loadPDS,easytrieve_compiler,easytrieve_linkEditor,easytrieve_tempOptions,applicationOutputsCollectionName,SCEELKED
easytrieve_srcDatasets=DBEHM.BASE.MAIN.BLD.EZT,DBEHM.BASE.MAIN.BLD.MAC,DBEHM.BASE.MAIN.BLD.OBJ,DBEHM.BASE.MAIN.BLD.DBRM
easytrieve_srcOptions=cyl space(1,1) lrecl(80) dsorg(PO) recfm(F,B) dsntype(library)
easytrieve_srcPDS=DBEHM.BASE.MAIN.BLD.EZT
easytrieve_tempOptions=cyl space(5,5) unit(vio) lrecl(80) recfm(f,b) new
epscmort.cbl=languageConfigProps02
epsmpmt.cbl=languageConfigProps01
epsnbrvl.cbl=languageConfigProps01
excludeFileList=.*,**/.*,**/*.xml,**/*.groovy,**/*.json,**/*.md,**/application-conf/*.*
eztMacSearch=search:/u/dbehm/git/june-engagement-workspace/ts1_change_base/base/main/dbbbuild_2025-06-27_08-52-10/?path=base/eztmacros/*.eztm
formatConsoleOutput=false
fullBuild=true
generateDb2BindInfoRecord=true
generateDb2BindInfoRecordProperties=bind_collectionID,bind_packageOwner,bind_qualifier
gitRepositoryCompareService=/compare/
gitRepositoryURL=
global_instreamDataTempAllocation=tracks space(5,5) unit(vio) lrecl(80) recfm(f,b) new
hlq=DBEHM.BASE.MAIN.BLD
impactBuildOnBuildPropertyChanges=false
impactBuildOnBuildPropertyList=[assembler_pgmParms,assembler_db2precompilerParms,assembler_cicsprecompilerParms,bms_copyGenParms,bms_compileParms,bms_linkEditParms,cobol_compilerVersion,cobol_compileParms,cobol_compileCICSParms,cobol_compileSQLParms,dbdgen_pgmParms,linkEdit_parms,mfs_phase1Parms,mfs_phase2Parms,pli_compilerVersion,pli_compileParms,pli_compileCICSParms,pli_compileSQLParms,acbgen_pgmParms,psbgen_pgmParms,psbgen_linkEditParms]
impactSearch=search:/u/dbehm/git/june-engagement-workspace/ts1_change_base/base/main/dbbbuild_2025-06-27_08-52-10/?path=base/src/copy/*.cpysearch:/u/dbehm/git/june-engagement-workspace/ts1_change_base/base/main/dbbbuild_2025-06-27_08-52-10/?path=base/plinc/*.cpysearch:/u/dbehm/git/june-engagement-workspace/ts1_change_base/base/main/dbbbuild_2025-06-27_08-52-10/?path=base/headers/*.hsearch:/u/dbehm/git/june-engagement-workspace/ts1_change_base/base/main/dbbbuild_2025-06-27_08-52-10/?path=base/bms/*.bmssearch:[:LINK]/u/dbehm/git/june-engagement-workspace/ts1_change_base/base/main/dbbbuild_2025-06-27_08-52-10/?path=base/src/cobol/*.cblsearch:[SYSLIB:COPY]/u/dbehm/git/june-engagement-workspace/ts1_change_base/base/main/dbbbuild_2025-06-27_08-52-10/?path=base/rexx/*.rexxsearch:[:ZUNITINC]/u/dbehm/git/june-engagement-workspace/ts1_change_base/base/main/dbbbuild_2025-06-27_08-52-10/?path=base/cobol/*.cbl;base/pli/*.pli;base/tests/*.cbl;base/tests/*.plisearch:[SYSPROG:PROGRAMDEPENDENCY]/u/dbehm/git/june-engagement-workspace/ts1_change_base/base/main/dbbbuild_2025-06-27_08-52-10/?path=base/cobol/*.cbl;base/pli/*.plisearch:/u/dbehm/git/june-engagement-workspace/ts1_change_base/base/main/dbbbuild_2025-06-27_08-52-10/?path=base/eztmacros/*.eztm
isCICS=true::**/cobol/member.cbl
isIMS=true::**/cobol/DLIBATCH.cbl
isMQ=true::**/cobol/member.cbl
isSQL=true::**/cobol/member.cbl
jobCard=
linkEdit_parms=MAP,RENT,COMPAT(PM5)
linkSearch=search:[:LINK]/u/dbehm/git/june-engagement-workspace/ts1_change_base/base/main/dbbbuild_2025-06-27_08-52-10/?path=base/src/cobol/*.cbl
linkedit_deployType=LOAD
linkedit_deployTypeCICS=CICSLOAD
linkedit_deployTypeDLI=IMSLOAD
linkedit_deployTypeIMS=IMSLOAD
linkedit_fileBuildRank=
linkedit_impactPropertyList=linkEdit_parms
linkedit_linkEditSyslibConcatenation=
linkedit_linkEditor=IEWBLINK
linkedit_loadDatasets=DBEHM.BASE.MAIN.BLD.LOAD
linkedit_loadOptions=cyl space(1,1) dsorg(PO) recfm(U) blksize(32760) dsntype(library)
linkedit_loadPDS=DBEHM.BASE.MAIN.BLD.LOAD
linkedit_maxRC=0
linkedit_objPDS=DBEHM.BASE.MAIN.BLD.OBJ
linkedit_outputDatasets=DBEHM.BASE.MAIN.BLD.LOAD
linkedit_requiredBuildProperties=linkedit_srcPDS,linkedit_objPDS,linkedit_loadPDS,linkedit_linkEditor,linkedit_tempOptions,applicationOutputsCollectionName,SDFHLOAD,SCEELKED
linkedit_scanLoadModule=true
linkedit_srcDatasets=DBEHM.BASE.MAIN.BLD.LINK,DBEHM.BASE.MAIN.BLD.OBJ
linkedit_srcOptions=cyl space(1,1) lrecl(80) dsorg(PO) recfm(F,B) dsntype(library)
linkedit_srcPDS=DBEHM.BASE.MAIN.BLD.LINK
linkedit_storeSSI=true
linkedit_tempOptions=cyl space(5,5) unit(vio) lrecl(80) recfm(f,b) new
loadFileLevelProperties=false
loadLanguageConfigurationProperties=false
logEncoding=UTF-8
mainBuildBranch=main
metadataStoreType=file
mfs_deployType=MFSSOURCE
mfs_fileBuildRank=
mfs_impactPropertyList=mfs_phase1Parms,mfs_phase2Parms
mfs_loadDatasets=DBEHM.BASE.MAIN.BLD.TFORMAT
mfs_loadOptions=cyl space(1,1) dsorg(PO) recfm(U) blksize(32760) dsntype(library)
mfs_phase1MaxRC=4
mfs_phase1Parms=NOXREF,NOCOMP,NOSUBS,NODIAG,NOCOMPRESS,LINECNT=55,STOPRC=8,DEVCHAR=I
mfs_phase1processor=DFSUPAA0
mfs_phase2Execution=false
mfs_phase2MaxRC=4
mfs_phase2Parms=COMPRESS,NOCOMPREND,UPDATE,DEVCHAR=I
mfs_phase2processor=DFSUNUB0
mfs_requiredBuildProperties=mfs_srcPDS,mfs_tformatPDS, mfs_phase1processor,mfs_phase2processor,mfs_tempOptions,mfs_phase1MaxRC,mfs_phase2MaxRC, SDFSMAC,SDFSRESL,REFERAL
mfs_srcDatasets=DBEHM.BASE.MAIN.BLD.MFS
mfs_srcOptions=cyl space(1,1) lrecl(80) dsorg(PO) blksize(32720) recfm(F,B) dsntype(library)
mfs_srcPDS=DBEHM.BASE.MAIN.BLD.MFS
mfs_tempOptions=cyl space(5,5) unit(vio) new
mfs_tformatPDS=DBEHM.BASE.MAIN.BLD.TFORMAT
outDir=/u/dbehm/git/june-engagement-workspace/ts1_change_base/base/main/dbbbuild_2025-06-27_08-52-10/logs
pli_BMS_PDS=${team}.BMS.COPY
pli_compileCICSParms=SYSTEM(CICS),PP(MACRO,CICS)
pli_compileDebugParms=TEST
pli_compileErrorFeedbackXmlOptions=tracks space(200,40) dsorg(PS) blksize(27998) lrecl(16383) recfm(v,b) new keep
pli_compileErrorPrefixParms=XINFO(XML)
pli_compileIMSParms=SYSTEM(IMS)
pli_compileMaxRC=4
pli_compileParms=PP(INCLUDE('ID(++INCLUDE)'))
pli_compileSQLParms=PP(SQL)
pli_compileSyslibConcatenation=
pli_compiler=IBMZPLI
pli_compilerVersion=V52
pli_dbrmPDS=DBEHM.BASE.MAIN.BLD.DBRM
pli_dependenciesAlternativeLibraryNameMapping=
pli_dependenciesCopyMode=TEXT
pli_dependenciesDatasetMapping=pli_incPDS
pli_dependencySearch=search:/u/dbehm/git/june-engagement-workspace/ts1_change_base/base/main/dbbbuild_2025-06-27_08-52-10/?path=base/plinc/*.cpy
pli_deployType=LOAD
pli_deployTypeCICS=CICSLOAD
pli_deployTypeDLI=IMSLOAD
pli_deployTypeIMS=IMSLOAD
pli_fileBuildRank=
pli_identifyLoad=true
pli_impactPropertyList=pli_compilerVersion,pli_compileParms
pli_impactPropertyListCICS=pli_compileCICSParms
pli_impactPropertyListSQL=pli_compileSQLParms
pli_incPDS=DBEHM.BASE.MAIN.BLD.PLI.INCLUDE
pli_linkDebugExit=
pli_linkEdit=true
pli_linkEditMaxRC=0
pli_linkEditParms=DYNAM(DLL)::**/testcase/*.pli
pli_linkEditParms=MAP,RENT,COMPAT(PM5)
pli_linkEditStream=
pli_linkEditSyslibConcatenation=
pli_linkEditor=IEWBLINK
pli_listOptions=cyl space(5,5) unit(vio) blksize(0) lrecl(137) recfm(v,b) new
pli_loadDatasets=DBEHM.BASE.MAIN.BLD.LOAD
pli_loadOptions=cyl space(1,1) dsorg(PO) recfm(U) blksize(32760) dsntype(library)
pli_loadPDS=DBEHM.BASE.MAIN.BLD.LOAD
pli_objPDS=DBEHM.BASE.MAIN.BLD.OBJ
pli_outputDatasets=DBEHM.BASE.MAIN.BLD.LOAD,DBEHM.BASE.MAIN.BLD.DBRM
pli_requiredBuildProperties=pli_srcPDS,pli_incPDS,pli_objPDS,pli_loadPDS,pli_compiler,pli_linkEditor,pli_tempOptions,applicationOutputsCollectionName,SDFHCOB,SDFHLOAD,SDSNLOAD,SCEELKED, pli_dependencySearch
pli_scanLoadModule=true
pli_srcDatasets=DBEHM.BASE.MAIN.BLD.PLI,DBEHM.BASE.MAIN.BLD.PLI.INCLUDE,DBEHM.BASE.MAIN.BLD.OBJ,DBEHM.BASE.MAIN.BLD.DBRM
pli_srcOptions=cyl space(1,1) lrecl(80) dsorg(PO) recfm(F,B) dsntype(library)
pli_srcPDS=DBEHM.BASE.MAIN.BLD.PLI
pli_storeSSI=true
pli_tempOptions=cyl space(5,5) unit(vio) lrecl(80) recfm(f,b) new
pli_test_loadDatasets=DBEHM.BASE.MAIN.BLD.TEST.LOAD
pli_test_loadOptions=cyl space(1,1) dsorg(PO) recfm(U) blksize(32760) dsntype(library)
pli_test_srcDatasets=DBEHM.BASE.MAIN.BLD.TEST.PLI
pli_test_srcOptions=cyl space(1,1) lrecl(80) dsorg(PO) recfm(F,B) dsntype(library)
pli_testcase_loadPDS=DBEHM.BASE.MAIN.BLD.TEST.LOAD
pli_testcase_srcPDS=DBEHM.BASE.MAIN.BLD.TEST.PLI
pliincludeSearch=search:/u/dbehm/git/june-engagement-workspace/ts1_change_base/base/main/dbbbuild_2025-06-27_08-52-10/?path=base/plinc/*.cpy
propFiles=/var/dbb/dbb-zappbuild-config/build.properties,/var/dbb/dbb-zappbuild-config/datasets.properties,/var/dbb/dbb-zappbuild-config/buildFolder.properties,/u/dbehm/git/workspace_test/skipJCL.properties
propertyFileExtension=properties
propertyFilePath=properties
psbgen_assemblerMaxRC=4
psbgen_compileErrorFeedbackXmlOptions=tracks space(200,40) dsorg(PS) blksize(27998) lrecl(16383) recfm(v,b) new keep
psbgen_compileErrorPrefixParms=ADATA,EX(ADX(ELAXHASM))
psbgen_deployType=PSB
psbgen_fileBuildRank=
psbgen_impactPropertyList=acbgen_pgmParms,psbgen_pgmParms,psbgen_linkEditParms
psbgen_linkEditMaxRC=0
psbgen_linkEditParms=XREF,LIST
psbgen_linkEditor=IEWBLINK
psbgen_loadDatasets=DBEHM.BASE.MAIN.BLD.PSBLIB
psbgen_loadOptions=cyl space(1,1) dsorg(PO) recfm(U) blksize(32760) dsntype(library)
psbgen_loadPDS=DBEHM.BASE.MAIN.BLD.PSBLIB
psbgen_objPDS=DBEHM.BASE.MAIN.BLD.OBJ
psbgen_outputDatasets=DBEHM.BASE.MAIN.BLD.PSBLIB
psbgen_pgm=ASMA90
psbgen_pgmParms=OBJECT,NODECK,NODBCS,'SIZE(MAX,ABOVE)'
psbgen_requiredBuildProperties=psbgen_srcPDS,psbgen_objPDS,psbgen_loadPDS, psbgen_pgm,psbgen_linkEditor,psbgen_tempOptions,psbgen_assemblerMaxRC, SDFSMAC,SCEEMAC
psbgen_runACBgen=true
psbgen_srcDatasets=DBEHM.BASE.MAIN.BLD.PSB,DBEHM.BASE.MAIN.BLD.OBJ
psbgen_srcOptions=cyl space(1,1) lrecl(80) dsorg(PO) recfm(F,B) dsntype(library)
psbgen_srcPDS=DBEHM.BASE.MAIN.BLD.PSB
psbgen_tempOptions=cyl space(5,5) unit(vio) lrecl(80) recfm(f,b) new
reportConcurrentChanges=false
reportConcurrentChangesGitBranchReferencePatterns=main
reportConcurrentChangesIntersectionFailsBuild=false
reportExternalImpacts=false
reportExternalImpactsAnalysisDepths=simple
reportExternalImpactsAnalysisFileFilter=**/*
reportExternalImpactsCollectionPatterns=.*-master.*
requiredBuildProperties=buildOrder,buildListFileExt
requiredDBBToolkitVersion=2.0.2
resolveSubsystems=false
rexxCopySearch=search:[SYSLIB:COPY]/u/dbehm/git/june-engagement-workspace/ts1_change_base/base/main/dbbbuild_2025-06-27_08-52-10/?path=base/rexx/*.rexx
rexx_cexecDatasets=DBEHM.BASE.MAIN.BLD.CEXEC
rexx_cexecOptions=cyl space(1,1) lrecl(80) recfm(F,B) blksize(27920) DSORG(PO) dsntype(pds) dir(10)
rexx_cexecPDS=DBEHM.BASE.MAIN.BLD.CEXEC
rexx_cexec_deployType=CEXEC
rexx_compileMaxRC=4
rexx_compileParms=OBJECT PRINT XREF CEXEC
rexx_compileSyslibConcatenation=
rexx_compiler=REXXCOMP
rexx_dependencySearch=search:[SYSLIB:COPY]/u/dbehm/git/june-engagement-workspace/ts1_change_base/base/main/dbbbuild_2025-06-27_08-52-10/?path=base/rexx/*.rexx
rexx_deployType=CLIST
rexx_fileBuildRank=
rexx_impactPropertyList=rexx_compileParms
rexx_linkDebugExit=INCLUDE OBJECT(@{member})  \n    INCLUDE SYSLIB(EQAD3CXT)
rexx_linkEdit=true
rexx_linkEditMaxRC=4
rexx_linkEditParms=MAP,RENT,COMPAT(PM5)
rexx_linkEditStream=
rexx_linkEditSyslibConcatenation=
rexx_linkEditor=IEWBLINK
rexx_loadDatasets=DBEHM.BASE.MAIN.BLD.LOAD
rexx_loadOptions=cyl space(1,1) dsorg(PO) recfm(U) blksize(32760) dsntype(library)
rexx_loadPDS=DBEHM.BASE.MAIN.BLD.LOAD
rexx_objPDS=DBEHM.BASE.MAIN.BLD.OBJ
rexx_outputDatasets=DBEHM.BASE.MAIN.BLD.CEXEC,DBEHM.BASE.MAIN.BLD.LOAD
rexx_printTempOptions=cyl space(5,5) unit(vio) lrecl(133) recfm(f,b) new
rexx_requiredBuildProperties=rexx_srcPDS,rexx_objPDS,rexx_loadPDS,rexx_cexecPDS, rexx_compiler,rexx_linkEditor,rexx_tempOptions, SFANLMD, rexx_dependencySearch, rexx_compileMaxRC, rexx_linkEditMaxRC, rexx_linkEdit
rexx_rexxPrintTempOptions=cyl space(5,5) unit(vio) lrecl(121) recfm(f,a) new
rexx_scanLoadModule=true
rexx_srcDatasets=DBEHM.BASE.MAIN.BLD.REXX,DBEHM.BASE.MAIN.BLD.OBJ
rexx_srcOptions=cyl space(1,1) lrecl(80) dsorg(PO) recfm(F,B) dsntype(library)
rexx_srcPDS=DBEHM.BASE.MAIN.BLD.REXX
rexx_tempOptions=cyl space(5,5) unit(vio) lrecl(80) recfm(f,b) new
skipImpactCalculationList=
skipStoringLogicalFile=true::**/*.jcl
startTime=20250627.085229.803
systemDatasets=datasets.properties
tazRecordingFileSearch=search:[SYSPLAY:]/u/dbehm/git/june-engagement-workspace/ts1_change_base/base/main/dbbbuild_2025-06-27_08-52-10/?path=base/tests/*.rec
tazTestConfigSearch=search:[:ZUNITINC]/u/dbehm/git/june-engagement-workspace/ts1_change_base/base/main/dbbbuild_2025-06-27_08-52-10/?path=base/cobol/*.cbl;base/pli/*.pli;base/tests/*.cbl;base/tests/*.pli
tazTestcasePgmSearch=search:[SYSPROG:PROGRAMDEPENDENCY]/u/dbehm/git/june-engagement-workspace/ts1_change_base/base/main/dbbbuild_2025-06-27_08-52-10/?path=base/cobol/*.cbl;base/pli/*.pli
tazunittest_bzucfgPDS=DBEHM.BASE.MAIN.BLD.BZU.BZUCFG
tazunittest_bzuplayPDS=DBEHM.BASE.MAIN.BLD.BZU.BZUPLAY
tazunittest_bzureportPDS=DBEHM.BASE.MAIN.BLD.BZU.BZURPT
tazunittest_dependenciesCopyMode=BINARY
tazunittest_dependenciesDatasetMapping=tazunittest_bzuplayPDS
tazunittest_dependencySearch=search:[SYSPLAY:]/u/dbehm/git/june-engagement-workspace/ts1_change_base/base/main/dbbbuild_2025-06-27_08-52-10/?path=base/tests/*.rec
tazunittest_eqaplayParms=STOP=E,REPORT=XML
tazunittest_jobCard=//TAZTEST JOB ,MSGCLASS=H,CLASS=A,NOTIFY=&SYSUID,REGION=0M
tazunittest_loadDatasets=DBEHM.BASE.MAIN.BLD.BZU.BZUPLAY
tazunittest_loadOptions=cyl space(1,1) dsorg(PO) lrecl(256) recfm(F,B) blksize(32512) dsntype(library)
tazunittest_maxPassRC=4
tazunittest_maxWarnRC=8
tazunittest_playbackFileExtension=rec
tazunittest_reportDatasets=DBEHM.BASE.MAIN.BLD.BZU.BZURPT
tazunittest_reportOptions=tracks space(200,40) dsorg(PO) blksize(32760) lrecl(16383) recfm(v,b) dsntype(library)
tazunittest_requiredBuildProperties=tazunittest_srcDatasets,tazunittest_loadDatasets,tazunittest_reportDatasets,tazunittest_bzucfgPDS,tazunittest_bzureportPDS,tazunittest_bzuplayPDS,tazunittest_srcOptions,tazunittest_loadOptions,tazunittest_reportOptions,tazunittest_jobCard,tazunittest_maxPassRC,tazunittest_maxWarnRC,tazunittest_playbackFileExtension,tazunittest_eqaplayParms,tazunittest_userDebugSessionTestParm, tazunittest_dependencySearch
tazunittest_srcDatasets=DBEHM.BASE.MAIN.BLD.BZU.BZUCFG
tazunittest_srcOptions=cyl space(1,1) lrecl(27998) dsorg(PO) recfm(V,B) dsntype(library)
tazunittest_tazxlsconv=
tazunittest_userDebugSessionTestParm=TEST(ERROR,,PROMPT,DBMDT:*)
testOrder=TazUnitTest.groovy
topicBranchBuild=null
transfer_copyMode=TEXT
transfer_datasetMapping=transfer_jclPDS::**/*.jcl
transfer_deployType=JCL::**/*.jcl
transfer_deployType=TRANSFER
transfer_dsOptions=cyl space(1,1) lrecl(144) dsorg(PO) recfm(F,B) dsntype(library)::transfer_xmlPDS
transfer_dsOptions=cyl space(1,1) lrecl(80) dsorg(PO) recfm(F,B) dsntype(library)::transfer_srcPDS,transfer_jclPDS
transfer_jclPDS=DBEHM.BASE.MAIN.BLD.JCL
transfer_requiredBuildProperties=transfer_srcPDS,transfer_dsOptions,transfer_deployType
transfer_srcPDS=DBEHM.BASE.MAIN.BLD.SOURCE
transfer_xmlPDS=DBEHM.BASE.MAIN.BLD.XML
verbose=true
workspace=/u/dbehm/git/june-engagement-workspace/ts1_change_base/base/main/dbbbuild_2025-06-27_08-52-10
zAppBuildDir=/u/dbehm/git/dbb-zappbuild
zcee2_ARA_packageArtifacts=true
zcee2_inputType=PROJECT
zcee2_requiredBuildProperties=zcee2_zconbtPath
zcee2_zconbtPath=
zcee3_gradlePath=/var/gradle/gradle-8.10/bin/gradle
zcee3_gradle_debug=true
zcee3_requiredBuildProperties=zcee3_shellEnvironment, zcee3_gradlePath
zcee3_shellEnvironment=bash
** Running zAppBuild Version 3.11.0-BASE 
** Running DBB Toolkit Version 3.0.2 12-Jun-2025 18:54:20 
required props = buildOrder,buildListFileExt
** File MetadataStore initialized
** Build output located at /u/dbehm/git/june-engagement-workspace/ts1_change_base/base/main/dbbbuild_2025-06-27_08-52-10/logs
** Build result created for BuildGroup:base-main BuildLabel:build.20250627.085229.803
** Loading DBB scanner mapping configuration dbb.scannerMapping
************* Creation and processing of the build list *************
** --fullBuild option selected. Building all programs for application base. Recreating DBB collections.
** Deleting collection base-main
** Deleting collection base-main-outputs
** Updating collections base-main and base-main-outputs
** Created collection base-main
** Created collection base-main-outputs
*** Sorted list of changed files: [base/src/cobol/BAO1.cbl, base/scripts/ts1_change_base_logs/deploy-logs/evidences/evidence.yaml, base/src/cobol/BAB1.cbl, base/scripts/ts1_delete_base_logs/deploy-logs/evidences/evidence.yaml, base/applicationDescriptor.yml, base/src/db2defs/BAD1.db2table, base/src/copy/BAD1SQL.cpy, base/scripts/ts1_delete_base_logs/deploymentPlanReport.html, base/src/cicsdefs/BAO1.cics, base/src/jcl/BAD1.jcl, base/scripts/ts1_change_base_logs/deploymentPlan.yaml, base/scripts/ts1_change_base_tarOnly.sh, base/scripts/ts1_delete_base_logs/deploymentPlan.yaml, base/scripts/ts1_change_base_logs/ts1_change_base.log, base/src/copy/BAD1REC.cpy, base/src/jcl/BAB1.jcl, base/scripts/ts1_change_base_logs/deploymentPlanReport.html, base/scripts/ts1_delete_base_logs/ts1_delete_base.log, base/src/copy/BAM1.cpy, base/src/cobol/BAM1.cbl, base/scripts/ts1_change_base.sh, base/scripts/ts1_delete_base.sh]
*** Scanning file '(/u/dbehm/git/june-engagement-workspace/ts1_change_base/base/main/dbbbuild_2025-06-27_08-52-10/base/src/cobol/BAO1.cbl' with class com.ibm.dbb.dependency.DependencyScanner
*** Logical file for 'base/src/cobol/BAO1.cbl' =
{
  "lname": "BAO1",
  "file": "base/src/cobol/BAO1.cbl",
  "language": "COB",
  "cics": false,
  "sql": false,
  "dli": false,
  "mq": false,
  "logicalDependencies": [
    {
      "lname": "BAM1",
      "library": "SYSLIB",
      "category": "COPY"
    }
  ]
}
*** Scanning file '(/u/dbehm/git/june-engagement-workspace/ts1_change_base/base/main/dbbbuild_2025-06-27_08-52-10/base/scripts/ts1_change_base_logs/deploy-logs/evidences/evidence.yaml' with class com.ibm.dbb.dependency.DummyScanner
*** Logical file for 'base/scripts/ts1_change_base_logs/deploy-logs/evidences/evidence.yaml' =
{
  "lname": "EVIDENCE",
  "file": "base/scripts/ts1_change_base_logs/deploy-logs/evidences/evidence.yaml",
  "language": "ANY",
  "cics": false,
  "sql": false,
  "dli": false,
  "mq": false
}
*** Scanning file '(/u/dbehm/git/june-engagement-workspace/ts1_change_base/base/main/dbbbuild_2025-06-27_08-52-10/base/src/cobol/BAB1.cbl' with class com.ibm.dbb.dependency.DependencyScanner
*** Logical file for 'base/src/cobol/BAB1.cbl' =
{
  "lname": "BAB1",
  "file": "base/src/cobol/BAB1.cbl",
  "language": "COB",
  "cics": false,
  "sql": false,
  "dli": false,
  "mq": false,
  "logicalDependencies": [
    {
      "lname": "BAM1",
      "library": "SYSLIB",
      "category": "COPY"
    }
  ]
}
*** Scanning file '(/u/dbehm/git/june-engagement-workspace/ts1_change_base/base/main/dbbbuild_2025-06-27_08-52-10/base/scripts/ts1_delete_base_logs/deploy-logs/evidences/evidence.yaml' with class com.ibm.dbb.dependency.DummyScanner
*** Logical file for 'base/scripts/ts1_delete_base_logs/deploy-logs/evidences/evidence.yaml' =
{
  "lname": "EVIDENCE",
  "file": "base/scripts/ts1_delete_base_logs/deploy-logs/evidences/evidence.yaml",
  "language": "ANY",
  "cics": false,
  "sql": false,
  "dli": false,
  "mq": false
}
*** Scanning file '(/u/dbehm/git/june-engagement-workspace/ts1_change_base/base/main/dbbbuild_2025-06-27_08-52-10/base/applicationDescriptor.yml' with class com.ibm.dbb.dependency.DummyScanner
*** Logical file for 'base/applicationDescriptor.yml' =
{
  "lname": "APPLICATIONDESCRIPTOR",
  "file": "base/applicationDescriptor.yml",
  "language": "ANY",
  "cics": false,
  "sql": false,
  "dli": false,
  "mq": false
}
*** Scanning file '(/u/dbehm/git/june-engagement-workspace/ts1_change_base/base/main/dbbbuild_2025-06-27_08-52-10/base/src/db2defs/BAD1.db2table' with class com.ibm.dbb.dependency.DummyScanner
*** Logical file for 'base/src/db2defs/BAD1.db2table' =
{
  "lname": "BAD1",
  "file": "base/src/db2defs/BAD1.db2table",
  "language": "ANY",
  "cics": false,
  "sql": false,
  "dli": false,
  "mq": false
}
*** Scanning file '(/u/dbehm/git/june-engagement-workspace/ts1_change_base/base/main/dbbbuild_2025-06-27_08-52-10/base/src/copy/BAD1SQL.cpy' with class com.ibm.dbb.dependency.DependencyScanner
*** Logical file for 'base/src/copy/BAD1SQL.cpy' =
{
  "lname": "BAD1SQL",
  "file": "base/src/copy/BAD1SQL.cpy",
  "language": "COB",
  "cics": false,
  "sql": true,
  "dli": false,
  "mq": false
}
*** Scanning file '(/u/dbehm/git/june-engagement-workspace/ts1_change_base/base/main/dbbbuild_2025-06-27_08-52-10/base/scripts/ts1_delete_base_logs/deploymentPlanReport.html' with class com.ibm.dbb.dependency.DummyScanner
*** Logical file for 'base/scripts/ts1_delete_base_logs/deploymentPlanReport.html' =
{
  "lname": "DEPLOYMENTPLANREPORT",
  "file": "base/scripts/ts1_delete_base_logs/deploymentPlanReport.html",
  "language": "ANY",
  "cics": false,
  "sql": false,
  "dli": false,
  "mq": false
}
*** Scanning file '(/u/dbehm/git/june-engagement-workspace/ts1_change_base/base/main/dbbbuild_2025-06-27_08-52-10/base/src/cicsdefs/BAO1.cics' with class com.ibm.dbb.dependency.DummyScanner
*** Logical file for 'base/src/cicsdefs/BAO1.cics' =
{
  "lname": "BAO1",
  "file": "base/src/cicsdefs/BAO1.cics",
  "language": "ANY",
  "cics": false,
  "sql": false,
  "dli": false,
  "mq": false
}
*** The file '/u/dbehm/git/june-engagement-workspace/ts1_change_base/base/main/dbbbuild_2025-06-27_08-52-10/base/src/jcl/BAD1.jcl' is not added to DBB Metadatastore, but can be processed by build scripts.
*** Scanning file '(/u/dbehm/git/june-engagement-workspace/ts1_change_base/base/main/dbbbuild_2025-06-27_08-52-10/base/scripts/ts1_change_base_logs/deploymentPlan.yaml' with class com.ibm.dbb.dependency.DummyScanner
*** Logical file for 'base/scripts/ts1_change_base_logs/deploymentPlan.yaml' =
{
  "lname": "DEPLOYMENTPLAN",
  "file": "base/scripts/ts1_change_base_logs/deploymentPlan.yaml",
  "language": "ANY",
  "cics": false,
  "sql": false,
  "dli": false,
  "mq": false
}
*** Scanning file '(/u/dbehm/git/june-engagement-workspace/ts1_change_base/base/main/dbbbuild_2025-06-27_08-52-10/base/scripts/ts1_change_base_tarOnly.sh' with class com.ibm.dbb.dependency.DummyScanner
*** Logical file for 'base/scripts/ts1_change_base_tarOnly.sh' =
{
  "lname": "TS1_CHANGE_BASE_TARONLY",
  "file": "base/scripts/ts1_change_base_tarOnly.sh",
  "language": "ANY",
  "cics": false,
  "sql": false,
  "dli": false,
  "mq": false
}
*** Scanning file '(/u/dbehm/git/june-engagement-workspace/ts1_change_base/base/main/dbbbuild_2025-06-27_08-52-10/base/scripts/ts1_delete_base_logs/deploymentPlan.yaml' with class com.ibm.dbb.dependency.DummyScanner
*** Logical file for 'base/scripts/ts1_delete_base_logs/deploymentPlan.yaml' =
{
  "lname": "DEPLOYMENTPLAN",
  "file": "base/scripts/ts1_delete_base_logs/deploymentPlan.yaml",
  "language": "ANY",
  "cics": false,
  "sql": false,
  "dli": false,
  "mq": false
}
*** Scanning file '(/u/dbehm/git/june-engagement-workspace/ts1_change_base/base/main/dbbbuild_2025-06-27_08-52-10/base/scripts/ts1_change_base_logs/ts1_change_base.log' with class com.ibm.dbb.dependency.DummyScanner
*** Logical file for 'base/scripts/ts1_change_base_logs/ts1_change_base.log' =
{
  "lname": "TS1_CHANGE_BASE",
  "file": "base/scripts/ts1_change_base_logs/ts1_change_base.log",
  "language": "ANY",
  "cics": false,
  "sql": false,
  "dli": false,
  "mq": false
}
*** Scanning file '(/u/dbehm/git/june-engagement-workspace/ts1_change_base/base/main/dbbbuild_2025-06-27_08-52-10/base/src/copy/BAD1REC.cpy' with class com.ibm.dbb.dependency.DependencyScanner
*** Logical file for 'base/src/copy/BAD1REC.cpy' =
{
  "lname": "BAD1REC",
  "file": "base/src/copy/BAD1REC.cpy",
  "language": "COB",
  "cics": false,
  "sql": false,
  "dli": false,
  "mq": false
}
*** The file '/u/dbehm/git/june-engagement-workspace/ts1_change_base/base/main/dbbbuild_2025-06-27_08-52-10/base/src/jcl/BAB1.jcl' is not added to DBB Metadatastore, but can be processed by build scripts.
*** Scanning file '(/u/dbehm/git/june-engagement-workspace/ts1_change_base/base/main/dbbbuild_2025-06-27_08-52-10/base/scripts/ts1_change_base_logs/deploymentPlanReport.html' with class com.ibm.dbb.dependency.DummyScanner
*** Logical file for 'base/scripts/ts1_change_base_logs/deploymentPlanReport.html' =
{
  "lname": "DEPLOYMENTPLANREPORT",
  "file": "base/scripts/ts1_change_base_logs/deploymentPlanReport.html",
  "language": "ANY",
  "cics": false,
  "sql": false,
  "dli": false,
  "mq": false
}
*** Scanning file '(/u/dbehm/git/june-engagement-workspace/ts1_change_base/base/main/dbbbuild_2025-06-27_08-52-10/base/scripts/ts1_delete_base_logs/ts1_delete_base.log' with class com.ibm.dbb.dependency.DummyScanner
*** Logical file for 'base/scripts/ts1_delete_base_logs/ts1_delete_base.log' =
{
  "lname": "TS1_DELETE_BASE",
  "file": "base/scripts/ts1_delete_base_logs/ts1_delete_base.log",
  "language": "ANY",
  "cics": false,
  "sql": false,
  "dli": false,
  "mq": false
}
*** Scanning file '(/u/dbehm/git/june-engagement-workspace/ts1_change_base/base/main/dbbbuild_2025-06-27_08-52-10/base/src/copy/BAM1.cpy' with class com.ibm.dbb.dependency.DependencyScanner
*** Logical file for 'base/src/copy/BAM1.cpy' =
{
  "lname": "BAM1",
  "file": "base/src/copy/BAM1.cpy",
  "language": "COB",
  "cics": false,
  "sql": false,
  "dli": false,
  "mq": false
}
*** Scanning file '(/u/dbehm/git/june-engagement-workspace/ts1_change_base/base/main/dbbbuild_2025-06-27_08-52-10/base/src/cobol/BAM1.cbl' with class com.ibm.dbb.dependency.DependencyScanner
*** Logical file for 'base/src/cobol/BAM1.cbl' =
{
  "lname": "BAM1",
  "file": "base/src/cobol/BAM1.cbl",
  "language": "COB",
  "cics": false,
  "sql": true,
  "dli": false,
  "mq": false,
  "logicalDependencies": [
    {
      "lname": "BAD1SQL",
      "library": "SYSLIB",
      "category": "COPY"
    },
    {
      "lname": "BAM1",
      "library": "SYSLIB",
      "category": "COPY"
    },
    {
      "lname": "BAD1REC",
      "library": "SYSLIB",
      "category": "SQL INCLUDE"
    },
    {
      "lname": "SQLCA",
      "library": "SYSLIB",
      "category": "SQL INCLUDE"
    }
  ]
}
*** Scanning file '(/u/dbehm/git/june-engagement-workspace/ts1_change_base/base/main/dbbbuild_2025-06-27_08-52-10/base/scripts/ts1_change_base.sh' with class com.ibm.dbb.dependency.DummyScanner
*** Logical file for 'base/scripts/ts1_change_base.sh' =
{
  "lname": "TS1_CHANGE_BASE",
  "file": "base/scripts/ts1_change_base.sh",
  "language": "ANY",
  "cics": false,
  "sql": false,
  "dli": false,
  "mq": false
}
*** Scanning file '(/u/dbehm/git/june-engagement-workspace/ts1_change_base/base/main/dbbbuild_2025-06-27_08-52-10/base/scripts/ts1_delete_base.sh' with class com.ibm.dbb.dependency.DummyScanner
*** Logical file for 'base/scripts/ts1_delete_base.sh' =
{
  "lname": "TS1_DELETE_BASE",
  "file": "base/scripts/ts1_delete_base.sh",
  "language": "ANY",
  "cics": false,
  "sql": false,
  "dli": false,
  "mq": false
}
** Storing 20 logical files in MetadataStore collection 'base-main'
** Writing build list file to /u/dbehm/git/june-engagement-workspace/ts1_change_base/base/main/dbbbuild_2025-06-27_08-52-10/logs/buildList.txt
base/src/cobol/BAO1.cbl
base/scripts/ts1_change_base_logs/deploy-logs/evidences/evidence.yaml
base/src/cobol/BAB1.cbl
base/scripts/ts1_delete_base_logs/deploy-logs/evidences/evidence.yaml
base/applicationDescriptor.yml
base/src/db2defs/BAD1.db2table
base/src/copy/BAD1SQL.cpy
base/scripts/ts1_delete_base_logs/deploymentPlanReport.html
base/src/cicsdefs/BAO1.cics
base/src/jcl/BAD1.jcl
base/scripts/ts1_change_base_logs/deploymentPlan.yaml
base/scripts/ts1_change_base_tarOnly.sh
base/scripts/ts1_delete_base_logs/deploymentPlan.yaml
base/scripts/ts1_change_base_logs/ts1_change_base.log
base/src/copy/BAD1REC.cpy
base/src/jcl/BAB1.jcl
base/scripts/ts1_change_base_logs/deploymentPlanReport.html
base/scripts/ts1_delete_base_logs/ts1_delete_base.log
base/src/copy/BAM1.cpy
base/src/cobol/BAM1.cbl
base/scripts/ts1_change_base.sh
base/scripts/ts1_delete_base.sh
** Invoking build scripts according to build order: BMS.groovy,MFS.groovy,Cobol.groovy,Assembler.groovy,PLI.groovy,LinkEdit.groovy,DBDgen.groovy,PSBgen.groovy,Transfer.groovy,CRB.groovy,zCEE2.groovy
** Building 3 files mapped to Cobol.groovy script
required props = cobol_srcPDS,cobol_cpyPDS,cobol_objPDS,cobol_loadPDS,cobol_compiler,cobol_linkEditor,cobol_tempOptions,applicationOutputsCollectionName,SDFHCOB,SDFHLOAD,SDSNLOAD,SCEELKED, cobol_dependencySearch
** Creating / verifying build dataset DBEHM.BASE.MAIN.BLD.COBOL
** Creating / verifying build dataset DBEHM.BASE.MAIN.BLD.COPY
** Creating / verifying build dataset DBEHM.BASE.MAIN.BLD.OBJ
** Creating / verifying build dataset DBEHM.BASE.MAIN.BLD.DBRM
** Creating / verifying build dataset DBEHM.BASE.MAIN.BLD.LOAD
*** (1/3) Building file base/src/cobol/BAB1.cbl
*** Resolution rules for base/src/cobol/BAB1.cbl:
search:/u/dbehm/git/june-engagement-workspace/ts1_change_base/base/main/dbbbuild_2025-06-27_08-52-10/?path=base/src/copy/*.cpy
*** Physical dependencies for base/src/cobol/BAB1.cbl:
{
  "lname": "BAM1",
  "library": "SYSLIB",
  "category": "COPY",
  "sourceDir": "/u/dbehm/git/june-engagement-workspace/ts1_change_base/base/main/dbbbuild_2025-06-27_08-52-10/",
  "file": "base/src/copy/BAM1.cpy",
  "resolved": true,
  "excluded": false
}
Program attributes: CICS=false, SQL=false, DLI=false, MQ=false
*** Cobol compiler parms for base/src/cobol/BAB1.cbl = LIB,TEST
*** Link-Edit parms for base/src/cobol/BAB1.cbl = MAP,RENT,COMPAT(PM5),SSI=ebb0b0a5
*** Generated linkcard input stream: 
  IDENTIFY BAB1('base/ebb0b0a5')
    
*** Scanning load module for base/src/cobol/BAB1.cbl
*** Logical file = 
{
  "lname": "BAB1",
  "file": "base/src/cobol/BAB1.cbl",
  "language": "ZBND",
  "cics": false,
  "sql": false,
  "dli": false,
  "mq": false,
  "logicalDependencies": [
    {
      "lname": "BAB1",
      "library": "DBEHM.BASE.MAIN.BLD.OBJ",
      "category": "LINK"
    }
  ]
}
*** (2/3) Building file base/src/cobol/BAM1.cbl
*** Resolution rules for base/src/cobol/BAM1.cbl:
search:/u/dbehm/git/june-engagement-workspace/ts1_change_base/base/main/dbbbuild_2025-06-27_08-52-10/?path=base/src/copy/*.cpy
*** Physical dependencies for base/src/cobol/BAM1.cbl:
{
  "lname": "BAD1SQL",
  "library": "SYSLIB",
  "category": "COPY",
  "sourceDir": "/u/dbehm/git/june-engagement-workspace/ts1_change_base/base/main/dbbbuild_2025-06-27_08-52-10/",
  "file": "base/src/copy/BAD1SQL.cpy",
  "resolved": true,
  "excluded": false
}
{
  "lname": "BAM1",
  "library": "SYSLIB",
  "category": "COPY",
  "sourceDir": "/u/dbehm/git/june-engagement-workspace/ts1_change_base/base/main/dbbbuild_2025-06-27_08-52-10/",
  "file": "base/src/copy/BAM1.cpy",
  "resolved": true,
  "excluded": false
}
{
  "lname": "BAD1REC",
  "library": "SYSLIB",
  "category": "SQL INCLUDE",
  "sourceDir": "/u/dbehm/git/june-engagement-workspace/ts1_change_base/base/main/dbbbuild_2025-06-27_08-52-10/",
  "file": "base/src/copy/BAD1REC.cpy",
  "resolved": true,
  "excluded": false
}
{
  "lname": "SQLCA",
  "library": "SYSLIB",
  "category": "SQL INCLUDE",
  "resolved": false,
  "excluded": false
}
Program attributes: CICS=false, SQL=true, DLI=false, MQ=false
*** Cobol compiler parms for base/src/cobol/BAM1.cbl = LIB,SQL,TEST
*** Link-Edit parms for base/src/cobol/BAM1.cbl = MAP,RENT,COMPAT(PM5),SSI=ebb0b0a5
*** Generated linkcard input stream: 
  IDENTIFY BAM1('base/ebb0b0a5')
    
*** Scanning load module for base/src/cobol/BAM1.cbl
*** Logical file = 
{
  "lname": "BAM1",
  "file": "base/src/cobol/BAM1.cbl",
  "language": "ZBND",
  "cics": false,
  "sql": false,
  "dli": false,
  "mq": false,
  "logicalDependencies": [
    {
      "lname": "BAM1",
      "library": "DBEHM.BASE.MAIN.BLD.OBJ",
      "category": "LINK"
    },
    {
      "lname": "DSNHLI",
      "library": "DBC0CFG.DB2.V12.SDSNLOAD",
      "category": "LINK"
    }
  ]
}
*** (3/3) Building file base/src/cobol/BAO1.cbl
*** Resolution rules for base/src/cobol/BAO1.cbl:
search:/u/dbehm/git/june-engagement-workspace/ts1_change_base/base/main/dbbbuild_2025-06-27_08-52-10/?path=base/src/copy/*.cpy
*** Physical dependencies for base/src/cobol/BAO1.cbl:
{
  "lname": "BAM1",
  "library": "SYSLIB",
  "category": "COPY",
  "sourceDir": "/u/dbehm/git/june-engagement-workspace/ts1_change_base/base/main/dbbbuild_2025-06-27_08-52-10/",
  "file": "base/src/copy/BAM1.cpy",
  "resolved": true,
  "excluded": false
}
Program attributes: CICS=false, SQL=false, DLI=false, MQ=false
*** Cobol compiler parms for base/src/cobol/BAO1.cbl = LIB,TEST
*** Link-Edit parms for base/src/cobol/BAO1.cbl = MAP,RENT,COMPAT(PM5),SSI=ebb0b0a5
*** Generated linkcard input stream: 
  IDENTIFY BAO1('base/ebb0b0a5')
    
*** Scanning load module for base/src/cobol/BAO1.cbl
*** Logical file = 
{
  "lname": "BAO1",
  "file": "base/src/cobol/BAO1.cbl",
  "language": "ZBND",
  "cics": false,
  "sql": false,
  "dli": false,
  "mq": false,
  "logicalDependencies": [
    {
      "lname": "BAO1",
      "library": "DBEHM.BASE.MAIN.BLD.OBJ",
      "category": "LINK"
    }
  ]
}
** Building 2 files mapped to Transfer.groovy script
required props = transfer_srcPDS,transfer_dsOptions,transfer_deployType
*** (1/2) Transferring file base/src/jcl/BAB1.jcl
** Creating / verifying build dataset DBEHM.BASE.MAIN.BLD.JCL
** Copied base/src/jcl/BAB1.jcl to DBEHM.BASE.MAIN.BLD.JCL with copyMode TEXT and deployType JCL (rc = 0)
*** (2/2) Transferring file base/src/jcl/BAD1.jcl
** Copied base/src/jcl/BAD1.jcl to DBEHM.BASE.MAIN.BLD.JCL with copyMode TEXT and deployType JCL (rc = 0)
***************** Finalization of the build process *****************
*** Obtaining hash for directory /u/dbehm/git/june-engagement-workspace/ts1_change_base/base/main/dbbbuild_2025-06-27_08-52-10/base
** Setting property :githash:base : ebb0b0a59879694e65ba7e12a92cc6a714e9f9f6
** Setting property :giturl:base : https://github.com/dennis-behm/base.git
** Writing build report data to /u/dbehm/git/june-engagement-workspace/ts1_change_base/base/main/dbbbuild_2025-06-27_08-52-10/logs/BuildReport.json
** Writing build report to /u/dbehm/git/june-engagement-workspace/ts1_change_base/base/main/dbbbuild_2025-06-27_08-52-10/logs/BuildReport.html
** Updating build result BuildGroup:base-main BuildLabel:build.20250627.085229.803
** Build ended at Fri Jun 27 08:52:37 GMT+02:00 2025
** Build State : CLEAN
** Total files processed : 5
** Total build time  : 7.869 seconds

** Build finished
dbbBuild.sh: [INFO] DBB Build Complete. rc=0
packageBuildOutputs.sh: [INFO] Package Build Outputs wrapper. Version=1.10
packageBuildOutputs.sh: [INFO] The directory for the baseline package /u/dbehm/git/june-engagement-workspace/ts1_change_base/base/main/dbbbuild_2025-06-27_08-52-10/baseline was not found.
packageBuildOutputs.sh: [INFO] **************************************************************
packageBuildOutputs.sh: [INFO] ** Started - Package Build Outputs on HOST/USER: z/OS ZT01 01.00 03 8561/BPXROOT
packageBuildOutputs.sh: [INFO] **                  WorkDir: /u/dbehm/git/june-engagement-workspace/ts1_change_base/base/main/dbbbuild_2025-06-27_08-52-10
packageBuildOutputs.sh: [INFO] **                Application: base
packageBuildOutputs.sh: [INFO] **                     Branch: main
packageBuildOutputs.sh: [INFO] **      Application directory: /u/dbehm/git/june-engagement-workspace/ts1_change_base/base/main/dbbbuild_2025-06-27_08-52-10/base
packageBuildOutputs.sh: [INFO] **           Type of pipeline: release
packageBuildOutputs.sh: [INFO] **              Tar file Name: base-rel-1.0.0-2025-06-27_08-52-10.tar
packageBuildOutputs.sh: [INFO] **       BuildReport Location: /u/dbehm/git/june-engagement-workspace/ts1_change_base/base/main/dbbbuild_2025-06-27_08-52-10/logs
packageBuildOutputs.sh: [INFO] **       PackagingScript Path: /u/dbehm/git/dbb/Templates/Common-Backend-Scripts/../../Pipeline/PackageBuildOutputs/PackageBuildOutputs.groovy
packageBuildOutputs.sh: [INFO] **              Generate SBOM: false
packageBuildOutputs.sh: [INFO] **   External Dependencies log: /u/dbehm/git/june-engagement-workspace/ts1_change_base/base/main/dbbbuild_2025-06-27_08-52-10/logs/externalDependenciesLog.yml
packageBuildOutputs.sh: [INFO] ** Publish to Artifact Repo: true
packageBuildOutputs.sh: [INFO] **           ArtifactRepo Url: http://10.3.20.231:8081/artifactory
packageBuildOutputs.sh: [INFO] **          ArtifactRepo User: admin
packageBuildOutputs.sh: [INFO] **      ArtifactRepo Password: xxxxx
packageBuildOutputs.sh: [INFO] **     ArtifactRepo Repo name: base-dbehm-repo-local
packageBuildOutputs.sh: [INFO] **      ArtifactRepo Repo Dir: release
packageBuildOutputs.sh: [INFO] **                   DBB_HOME: /tmp/dbb_v302_patch_national_chars
packageBuildOutputs.sh: [INFO] **************************************************************

packageBuildOutputs.sh: [INFO] Invoking the Package Build Outputs script.
packageBuildOutputs.sh: [INFO] /tmp/dbb_v302_patch_national_chars/bin/groovyz  -cp /var/dbb/additionalLibraries/cyclonedx-core-java-8.0.3.jar:/var/dbb/additionalLibraries/jackson-annotations-2.16.1.jar:/var/dbb/additionalLibraries/jackson-core-2.16.1.jar:/var/dbb/additionalLibraries/jackson-databind-2.16.1.jar:/var/dbb/additionalLibraries/jackson-dataformat-xml-2.16.1.jar:/var/dbb/additionalLibraries/json-schema-validator-1.2.0.jar:/var/dbb/additionalLibraries/packageurl-java-1.5.0.jar /u/dbehm/git/dbb/Templates/Common-Backend-Scripts/../../Pipeline/PackageBuildOutputs/PackageBuildOutputs.groovy --workDir /u/dbehm/git/june-engagement-workspace/ts1_change_base/base/main/dbbbuild_2025-06-27_08-52-10/logs --tarFileName base-rel-1.0.0-2025-06-27_08-52-10.tar --application base --branch main --applicationFolderPath /u/dbehm/git/june-engagement-workspace/ts1_change_base/base/main/dbbbuild_2025-06-27_08-52-10/base --addExtension --versionName rel-1.0.0 --externalDependenciesEvidences /u/dbehm/git/june-engagement-workspace/ts1_change_base/base/main/dbbbuild_2025-06-27_08-52-10/logs/externalDependenciesLog.yml --publish --artifactRepositoryUrl "http://10.3.20.231:8081/artifactory" --artifactRepositoryUser admin --artifactRepositoryPassword artifactoryadmin --artifactRepositoryName base-dbehm-repo-local --artifactRepositoryDirectory release
** PackageBuildOutputs start at 20250627.085247.296
** Properties at startup:
   addExtension -> true
   application -> base
   applicationFolderPath -> /u/dbehm/git/june-engagement-workspace/ts1_change_base/base/main/dbbbuild_2025-06-27_08-52-10/base
   artifactRepository.directory -> release
   artifactRepository.password -> xxxxxx 
   artifactRepository.repo -> base-dbehm-repo-local
   artifactRepository.url -> http://10.3.20.231:8081/artifactory
   artifactRepository.user -> admin
   branch -> main
   buildReportOrder -> [/u/dbehm/git/june-engagement-workspace/ts1_change_base/base/main/dbbbuild_2025-06-27_08-52-10/logs/BuildReport.json]
   copyModeMap -> ["COPYBOOK": "TEXT", "COPY": "TEXT", "DBRM": "BINARY", "LOAD": "LOAD", "JCL": "TEXT", "EQALANGX" : "BINARY", "OBJ" : "BINARY"]
   externalDependenciesEvidences -> /u/dbehm/git/june-engagement-workspace/ts1_change_base/base/main/dbbbuild_2025-06-27_08-52-10/logs/externalDependenciesLog.yml
   fileEncoding -> UTF-8
   generateConcertBuildManifest -> false
   generateSBOM -> false
   generateWaziDeployAppManifest -> true
   packagingPropertiesFile -> /u/dbehm/git/dbb/Pipeline/PackageBuildOutputs/packageBuildOutputs.properties
   privateInterfacesDeployTypes -> OBJ,BMSCOPY
   publicInterfacesDeployTypes -> OBJ
   publish -> true
   publishInterfaces -> true
   startTime -> 20250627.085247.296
   tarFileName -> base-rel-1.0.0-2025-06-27_08-52-10.tar
   verbose -> false
   versionName -> rel-1.0.0
   workDir -> /u/dbehm/git/june-engagement-workspace/ts1_change_base/base/main/dbbbuild_2025-06-27_08-52-10/logs
** Read build report data from '/u/dbehm/git/june-engagement-workspace/ts1_change_base/base/main/dbbbuild_2025-06-27_08-52-10/logs/BuildReport.json'.
** Remove output records without deployType or with deployType=ZUNIT-TESTCASE
*! Build output DBEHM.BASE.MAIN.BLD.OBJ(BAB1) with deployType 'OBJ' has been excluded from packaging.
*! Build output DBEHM.BASE.MAIN.BLD.OBJ(BAM1) with deployType 'OBJ' has been excluded from packaging.
*! Build output DBEHM.BASE.MAIN.BLD.OBJ(BAO1) with deployType 'OBJ' has been excluded from packaging.
** 6 Build outputs detected in '/u/dbehm/git/june-engagement-workspace/ts1_change_base/base/main/dbbbuild_2025-06-27_08-52-10/logs/BuildReport.json':
	'BAD1' from 'DBEHM.BASE.MAIN.BLD.JCL' with Deploy Type 'JCL'
	'BAB1' from 'DBEHM.BASE.MAIN.BLD.JCL' with Deploy Type 'JCL'
	'BAB1' from 'DBEHM.BASE.MAIN.BLD.LOAD' with Deploy Type 'LOAD'
	'BAO1' from 'DBEHM.BASE.MAIN.BLD.LOAD' with Deploy Type 'LOAD'
	'BAM1' from 'DBEHM.BASE.MAIN.BLD.LOAD' with Deploy Type 'LOAD'
	'BAM1' from 'DBEHM.BASE.MAIN.BLD.DBRM' with Deploy Type 'DBRM'
** Total number of build outputs to package: 6
** Copy 6 deployable artifacts to temporary package directory '/u/dbehm/git/june-engagement-workspace/ts1_change_base/base/main/dbbbuild_2025-06-27_08-52-10/logs/tempPackageDir/bin'
	Copy 'DBEHM.BASE.MAIN.BLD.JCL(BAD1)' to '/u/dbehm/git/june-engagement-workspace/ts1_change_base/base/main/dbbbuild_2025-06-27_08-52-10/logs/tempPackageDir/bin/jcl/BAD1.JCL' with DBB Copymode 'TEXT'
	Copy 'DBEHM.BASE.MAIN.BLD.JCL(BAB1)' to '/u/dbehm/git/june-engagement-workspace/ts1_change_base/base/main/dbbbuild_2025-06-27_08-52-10/logs/tempPackageDir/bin/jcl/BAB1.JCL' with DBB Copymode 'TEXT'
	Copy 'DBEHM.BASE.MAIN.BLD.LOAD(BAB1)' to '/u/dbehm/git/june-engagement-workspace/ts1_change_base/base/main/dbbbuild_2025-06-27_08-52-10/logs/tempPackageDir/bin/load/BAB1.LOAD' with DBB Copymode 'LOAD'
	Copy 'DBEHM.BASE.MAIN.BLD.LOAD(BAO1)' to '/u/dbehm/git/june-engagement-workspace/ts1_change_base/base/main/dbbbuild_2025-06-27_08-52-10/logs/tempPackageDir/bin/load/BAO1.LOAD' with DBB Copymode 'LOAD'
	Copy 'DBEHM.BASE.MAIN.BLD.LOAD(BAM1)' to '/u/dbehm/git/june-engagement-workspace/ts1_change_base/base/main/dbbbuild_2025-06-27_08-52-10/logs/tempPackageDir/bin/load/BAM1.LOAD' with DBB Copymode 'LOAD'
	Copy 'DBEHM.BASE.MAIN.BLD.DBRM(BAM1)' to '/u/dbehm/git/june-engagement-workspace/ts1_change_base/base/main/dbbbuild_2025-06-27_08-52-10/logs/tempPackageDir/bin/dbrm/BAM1.DBRM' with DBB Copymode 'BINARY'
** Copy 0 private interfaces to temporary package directory '/u/dbehm/git/june-engagement-workspace/ts1_change_base/base/main/dbbbuild_2025-06-27_08-52-10/logs/tempPackageDir/lib'
** Copy 3 public/shared Include Files from Application Folder to temporary package directory '/u/dbehm/git/june-engagement-workspace/ts1_change_base/base/main/dbbbuild_2025-06-27_08-52-10/logs/tempPackageDir'
	Copy '/u/dbehm/git/june-engagement-workspace/ts1_change_base/base/main/dbbbuild_2025-06-27_08-52-10/base/src/copy/BAD1REC.cpy' file to '/u/dbehm/git/june-engagement-workspace/ts1_change_base/base/main/dbbbuild_2025-06-27_08-52-10/logs/tempPackageDir/include/src/BAD1REC.cpy'
	Copy '/u/dbehm/git/june-engagement-workspace/ts1_change_base/base/main/dbbbuild_2025-06-27_08-52-10/base/src/copy/BAD1SQL.cpy' file to '/u/dbehm/git/june-engagement-workspace/ts1_change_base/base/main/dbbbuild_2025-06-27_08-52-10/logs/tempPackageDir/include/src/BAD1SQL.cpy'
	Copy '/u/dbehm/git/june-engagement-workspace/ts1_change_base/base/main/dbbbuild_2025-06-27_08-52-10/base/src/copy/BAM1.cpy' file to '/u/dbehm/git/june-engagement-workspace/ts1_change_base/base/main/dbbbuild_2025-06-27_08-52-10/logs/tempPackageDir/include/src/BAM1.cpy'
** Generate Wazi Deploy Application Manifest file to /u/dbehm/git/june-engagement-workspace/ts1_change_base/base/main/dbbbuild_2025-06-27_08-52-10/logs/tempPackageDir/wazideploy_manifest.yml
** Generate package build report order file to '/u/dbehm/git/june-engagement-workspace/ts1_change_base/base/main/dbbbuild_2025-06-27_08-52-10/logs/tempPackageDir/buildReportOrder.txt'
** Copy packaging properties config file to '/u/dbehm/git/june-engagement-workspace/ts1_change_base/base/main/dbbbuild_2025-06-27_08-52-10/logs/tempPackageDir/packageBuildOutputs.properties'
** Create tar file at /u/dbehm/git/june-engagement-workspace/ts1_change_base/base/main/dbbbuild_2025-06-27_08-52-10/logs/base-rel-1.0.0-2025-06-27_08-52-10.tar
** Package '/u/dbehm/git/june-engagement-workspace/ts1_change_base/base/main/dbbbuild_2025-06-27_08-52-10/logs/base-rel-1.0.0-2025-06-27_08-52-10.tar' successfully created.
** Upload package to Artifact Repository 'http://10.3.20.231:8081/artifactory/base-dbehm-repo-local/release/rel-1.0.0/base-rel-1.0.0-2025-06-27_08-52-10.tar'.
** ArtifactRepositoryHelper started for upload of /u/dbehm/git/june-engagement-workspace/ts1_change_base/base/main/dbbbuild_2025-06-27_08-52-10/logs/base-rel-1.0.0-2025-06-27_08-52-10.tar to http://10.3.20.231:8081/artifactory/base-dbehm-repo-local/release/rel-1.0.0/base-rel-1.0.0-2025-06-27_08-52-10.tar
** Uploading /u/dbehm/git/june-engagement-workspace/ts1_change_base/base/main/dbbbuild_2025-06-27_08-52-10/logs/base-rel-1.0.0-2025-06-27_08-52-10.tar to http://10.3.20.231:8081/artifactory/base-dbehm-repo-local/release/rel-1.0.0/base-rel-1.0.0-2025-06-27_08-52-10.tar...
** Upload completed.
** Packaging completed successfully.
** Build finished
packageBuildOutputs.sh: [INFO] Package Build Outputs Complete. rc=0
wazideploy-generate.sh: [INFO] Generate Wazi Deploy Deployment Plan. Version=1.10
wazideploy-generate.sh: [INFO] Invoking the ArtifactRepositoryHelper groovy script to compute Package Url.
wazideploy-generate.sh: [INFO] /tmp/dbb_v302_patch_national_chars/bin/groovyz  /u/dbehm/git/dbb/Templates/Common-Backend-Scripts/../../Pipeline/PackageBuildOutputs/ArtifactRepositoryHelpers.groovy --computeArchiveUrl --tarFileName base-rel-1.0.0-2025-06-27_08-52-10.tar --versionName rel-1.0.0 --artifactRepositoryUrl "http://10.3.20.231:8081/artifactory" --artifactRepositoryName base-dbehm-repo-local --artifactRepositoryDirectory release
wazideploy-generate.sh: [INFO] Computation of Archive Url completed. rc=0
wazideploy-generate.sh: [INFO] **************************************************************
wazideploy-generate.sh: [INFO] ** Start Wazi Deploy Generation on HOST/USER: z/OS ZT01 01.00 03 8561/BPXROOT
wazideploy-generate.sh: [INFO] **               Deployment Method: /u/dbehm/git/wazi-deploy-sample/plum-samples/external-repos/deployment-method/deployment-method.yml
wazideploy-generate.sh: [INFO] **       Generated Deployment Plan: /u/dbehm/git/june-engagement-workspace/ts1_change_base/base/main/dbbbuild_2025-06-27_08-52-10/deployPkgDir/deploymentPlan.yaml
wazideploy-generate.sh: [INFO] **          Deployment Plan Report: /u/dbehm/git/june-engagement-workspace/ts1_change_base/base/main/dbbbuild_2025-06-27_08-52-10/deployPkgDir/deploymentPlanReport.html
wazideploy-generate.sh: [INFO] **              Package Input File: http://10.3.20.231:8081/artifactory/base-dbehm-repo-local/release/rel-1.0.0/base-rel-1.0.0-2025-06-27_08-52-10.tar
wazideploy-generate.sh: [INFO] **             Package Output File: /u/dbehm/git/june-engagement-workspace/ts1_change_base/base/main/dbbbuild_2025-06-27_08-52-10/deployPkgDir/applicationArchive.tar
wazideploy-generate.sh: [INFO] **              Configuration File: /var/WaziDeploy/config/WaziDeploy-ConfigFile.yml
wazideploy-generate.sh: [INFO] **        Debug output is disabled.
wazideploy-generate.sh: [INFO] **************************************************************

wazideploy-generate --deploymentMethod /u/dbehm/git/wazi-deploy-sample/plum-samples/external-repos/deployment-method/deployment-method.yml --deploymentPlan /u/dbehm/git/june-engagement-workspace/ts1_change_base/base/main/dbbbuild_2025-06-27_08-52-10/deployPkgDir/deploymentPlan.yaml --packageInputFile http://10.3.20.231:8081/artifactory/base-dbehm-repo-local/release/rel-1.0.0/base-rel-1.0.0-2025-06-27_08-52-10.tar --deploymentPlanReport /u/dbehm/git/june-engagement-workspace/ts1_change_base/base/main/dbbbuild_2025-06-27_08-52-10/deployPkgDir/deploymentPlanReport.html --packageOutputFile /u/dbehm/git/june-engagement-workspace/ts1_change_base/base/main/dbbbuild_2025-06-27_08-52-10/deployPkgDir/applicationArchive.tar --configFile /var/WaziDeploy/config/WaziDeploy-ConfigFile.yml

* Read the deployment method from: /u/dbehm/git/wazi-deploy-sample/plum-samples/external-repos/deployment-method/deployment-method.yml
* Build the deployment plan from the deployment method with the deployment plan extension: WdDeploymentStateExtension
* Read manifest from: /tmp/tmpa8hok2qr/wazideploy_manifest_1.yml
** Generic step CONFIG/READ CONFIGURATION/INCLUDE APPLICATION VARIABLES
*** No item found
** Generic step CONFIG/READ CONFIGURATION/INCLUDE MIDDLEWARE VARIABLES
*** No item found
** Generic step CONFIG/READ CONFIGURATION/INCLUDE COMMON VARIABLES
*** No item found
** Generic step PACKAGE/PACKAGE/PACKAGE
*** No item found
** Collecting items for DB2/DELETE/MEMBER_ARCHIVE
*** No item found
** Collecting items for DB2/DELETE/MEMBER_DELETE
*** No item found
** Collecting items for DB2/UPDATE/MEMBER_COPY
*** 1 item found [BAM1.DBRM]
** Collecting items for DB2/BIND/DB2_BIND_PACKAGE
*** 1 item found [BAM1.DBRM]
** Collecting items for DB2/BIND/DB2_BIND_PLAN
*** 1 item found [BAM1.DBRM]
** Collecting items for DEPLOY_MODULES/DELETE/MEMBER_ARCHIVE
*** No item found
** Collecting items for DEPLOY_MODULES/DELETE/MEMBER_DELETE
*** No item found
** Collecting items for DEPLOY_MODULES/UPDATE/MEMBER_ARCHIVE
*** 6 items found [BAM1.DBRM, BAB1.LOAD, BAO1.LOAD, BAB1.JCL, BAD1.JCL, BAM1.LOAD]
** Collecting items for DEPLOY_MODULES/UPDATE/MEMBER_COPY
*** 6 items found [BAM1.DBRM, BAB1.LOAD, BAO1.LOAD, BAB1.JCL, BAD1.JCL, BAM1.LOAD]
** Collecting items for ROLLBACK_MODULES/MODULES/MEMBER_RESTORE
*** 6 items found [BAM1.DBRM, BAB1.LOAD, BAO1.LOAD, BAB1.JCL, BAD1.JCL, BAM1.LOAD]
** Collecting items for ROLLBACK_MODULES/BIND/DB2_BIND_PACKAGE
*** 1 item found [BAM1.DBRM]
** Collecting items for ROLLBACK_MODULES/BIND/DB2_BIND_PLAN
*** 1 item found [BAM1.DBRM]
** Collecting items for VERIFICATION/JCLEXPERT/SCAN_JCL
*** 2 items found [BAB1.JCL, BAD1.JCL]
** Collecting items for CICS/UPDATE/PROG_UPDATE
*** No item found
* Save the deployment plan to: /u/dbehm/git/june-engagement-workspace/ts1_change_base/base/main/dbbbuild_2025-06-27_08-52-10/deployPkgDir/deploymentPlan.yaml
* Save the deployment plan report to: /u/dbehm/git/june-engagement-workspace/ts1_change_base/base/main/dbbbuild_2025-06-27_08-52-10/deployPkgDir/deploymentPlanReport.html
Deploy DBRM first
wazideploy-deploy.sh: [INFO] Deploy Package with Wazi Deploy. Version=1.20
wazideploy-deploy.sh: [INFO] ** Archive was found at location '/applicationArchive.tar'.
wazideploy-deploy.sh: [INFO] **************************************************************
wazideploy-deploy.sh: [INFO] ** Start Wazi Deploy Deployment on HOST/USER: z/OS ZT01 01.00 03 8561/BPXROOT
wazideploy-deploy.sh: [INFO] **                Application Name: base
wazideploy-deploy.sh: [INFO] **               Working Directory: /u/dbehm/git/june-engagement-workspace/ts1_change_base/base/main/dbbbuild_2025-06-27_08-52-10
wazideploy-deploy.sh: [INFO] **                 Deployment Plan: /u/dbehm/git/june-engagement-workspace/ts1_change_base/base/main/dbbbuild_2025-06-27_08-52-10/deployPkgDir/deploymentPlan.yaml
wazideploy-deploy.sh: [INFO] **                Environment File: /u/dbehm/git/wazi-deploy-sample/plum-samples/external-repos/environment-conf/python/EOLEB7-Integration.yml
wazideploy-deploy.sh: [INFO] **              Package Input File: /u/dbehm/git/june-engagement-workspace/ts1_change_base/base/main/dbbbuild_2025-06-27_08-52-10/deployPkgDir/applicationArchive.tar
wazideploy-deploy.sh: [INFO] **         User-provided extraVars: hlq=DBEHM.BASETEST
wazideploy-deploy.sh: [INFO] **                        planTags: db2
wazideploy-deploy.sh: [INFO] **                   Evidence File: /u/dbehm/git/june-engagement-workspace/ts1_change_base/base/main/dbbbuild_2025-06-27_08-52-10/deployPkgDir/deploy/evidences/evidence.yaml
wazideploy-deploy.sh: [INFO] **        Debug output is disabled.
wazideploy-deploy.sh: [INFO] **************************************************************

wazideploy-deploy --workingFolder /u/dbehm/git/june-engagement-workspace/ts1_change_base/base/main/dbbbuild_2025-06-27_08-52-10 --deploymentPlan /u/dbehm/git/june-engagement-workspace/ts1_change_base/base/main/dbbbuild_2025-06-27_08-52-10/deployPkgDir/deploymentPlan.yaml --envFile /u/dbehm/git/wazi-deploy-sample/plum-samples/external-repos/environment-conf/python/EOLEB7-Integration.yml -e application=base -e hlq=DBEHM.BASETEST --planTags db2 -e deploy_cfg_home=/u/dbehm/git/wazi-deploy-sample/plum-samples/external-repos/ --packageInputFile /u/dbehm/git/june-engagement-workspace/ts1_change_base/base/main/dbbbuild_2025-06-27_08-52-10/deployPkgDir/applicationArchive.tar --evidencesFileName /u/dbehm/git/june-engagement-workspace/ts1_change_base/base/main/dbbbuild_2025-06-27_08-52-10/deployPkgDir/deploy/evidences/evidence.yaml
** Reading the deployment file from: /u/dbehm/git/june-engagement-workspace/ts1_change_base/base/main/dbbbuild_2025-06-27_08-52-10/deployPkgDir/deploymentPlan.yaml
** Reading the target environment file from: /u/dbehm/git/wazi-deploy-sample/plum-samples/external-repos/environment-conf/python/EOLEB7-Integration.yml
*! WARNING: Accessing extra vars via extra_vars.myvar in environment files is deprecated.
*!          You can now directly access the extra variables (example: myvar).
*** Validate Deployment Plan before processing it
*** End of Deployment Plan validation
*** Validate /u/dbehm/git/june-engagement-workspace/ts1_change_base/base/main/dbbbuild_2025-06-27_08-52-10/deployPkgDir/applicationArchive.tar fingerprint
*** Checksum is valid for /u/dbehm/git/june-engagement-workspace/ts1_change_base/base/main/dbbbuild_2025-06-27_08-52-10/deployPkgDir/applicationArchive.tar
** Registering SMF Record
** Processing CONFIG(s)
** Processing CONFIG/READ CONFIGURATION(s)
** Processing CONFIG/READ CONFIGURATION/INCLUDE APPLICATION VARIABLES(s) with include_vars
*** Read variable file /u/dbehm/git/wazi-deploy-sample/plum-samples/external-repos/deployment-method/global/environment-configuration/base/EOLEB7-Integration.yml
** Processing CONFIG/READ CONFIGURATION/INCLUDE MIDDLEWARE VARIABLES(s) with include_vars
*** Read variable file /u/dbehm/git/wazi-deploy-sample/plum-samples/external-repos/deployment-method/global/cics_config.yml
*** Read variable file /u/dbehm/git/wazi-deploy-sample/plum-samples/external-repos/deployment-method/global/db2_config.yml
** Processing CONFIG/READ CONFIGURATION/INCLUDE COMMON VARIABLES(s) with include_vars
*** Read variable file /u/dbehm/git/wazi-deploy-sample/plum-samples/external-repos/deployment-method/global/jcl_verification.yml
*** Read variable file /u/dbehm/git/wazi-deploy-sample/plum-samples/external-repos/deployment-method/global/pds_specification.yml
*** Read variable file /u/dbehm/git/wazi-deploy-sample/plum-samples/external-repos/deployment-method/global/types_pattern_mapping.yml
** Processing PACKAGE(s)
** Processing PACKAGE/PACKAGE(s)
** Processing PACKAGE/PACKAGE/PACKAGE(s) with package
*** Processing package /u/dbehm/git/june-engagement-workspace/ts1_change_base/base/main/dbbbuild_2025-06-27_08-52-10/deployPkgDir/applicationArchive.tar
*** Expand the package /u/dbehm/git/june-engagement-workspace/ts1_change_base/base/main/dbbbuild_2025-06-27_08-52-10/deployPkgDir/applicationArchive.tar to /u/dbehm/git/june-engagement-workspace/ts1_change_base/base/main/dbbbuild_2025-06-27_08-52-10 on system os OS/390
** Processing DB2(s)
** Processing DB2/UPDATE(s)
** Processing DB2/UPDATE/MEMBER_COPY(s) with member_copy
*** Copy /u/dbehm/git/june-engagement-workspace/ts1_change_base/base/main/dbbbuild_2025-06-27_08-52-10/bin/dbrm/BAM1.DBRM to 'DBEHM.BASETEST.TMP.DBRM(BAM1)' (1/1)
** Processing DB2/BIND(s)
** Processing DB2/BIND/DB2_BIND_PACKAGE(s) with db2_bind_package
**** Perform BIND PACKAGE on 'BAM1.DBRM' (1/1)
*** Perform BIND PACKAGE with template 'db2_bind_package.jcl.j2'
*** Submit jcl /u/dbehm/git/june-engagement-workspace/ts1_change_base/base/main/dbbbuild_2025-06-27_08-52-10/bind_package_1.jcl
** Job JOB06775 submitted with ZOAU Python API.
**** Job JOB06775 finished CC=0004
** Processing DB2/BIND/DB2_BIND_PLAN(s) with db2_bind_plan
*** Perform BIND PLAN with template 'db2_bind_plan.jcl.j2'
*** Submit jcl /u/dbehm/git/june-engagement-workspace/ts1_change_base/base/main/dbbbuild_2025-06-27_08-52-10/bind_plan_1.jcl
** Job JOB06776 submitted with ZOAU Python API.
**** Job JOB06776 finished CC=0000
** Processing VERIFICATION(s)
** Processing VERIFICATION/JCLEXPERT(s)
** Evidences saved in /u/dbehm/git/june-engagement-workspace/ts1_change_base/base/main/dbbbuild_2025-06-27_08-52-10/deployPkgDir/deploy/evidences/evidence.yaml
wazideploy-evidence.sh: [INFO] Generate deployment reports with Wazi Deploy. Version=1.10
wazideploy-evidence.sh: [INFO] **************************************************************
wazideploy-evidence.sh: [INFO] ** Start Wazi Deploy evidence reporting on HOST/USER: z/OS ZT01 01.00 03 8561/BPXROOT
wazideploy-evidence.sh: [INFO] **               Working Directory: /u/dbehm/git/june-engagement-workspace/ts1_change_base/base/main/dbbbuild_2025-06-27_08-52-10
wazideploy-evidence.sh: [INFO] **                     Output File: /u/dbehm/git/june-engagement-workspace/ts1_change_base/base/main/dbbbuild_2025-06-27_08-52-10/deployPkgDir/deploy/deployment-report_db2.html
wazideploy-evidence.sh: [INFO] **                   Evidence File: /u/dbehm/git/june-engagement-workspace/ts1_change_base/base/main/dbbbuild_2025-06-27_08-52-10/deployPkgDir/deploy/evidences/evidence.yaml
wazideploy-evidence.sh: [INFO] **************************************************************

wazideploy-evidence --index /u/dbehm/git/june-engagement-workspace/ts1_change_base/base/main/dbbbuild_2025-06-27_08-52-10/index --dataFolder /u/dbehm/git/june-engagement-workspace/ts1_change_base/base/main/dbbbuild_2025-06-27_08-52-10/deployPkgDir/deploy/evidences i
Indexing '/u/dbehm/git/june-engagement-workspace/ts1_change_base/base/main/dbbbuild_2025-06-27_08-52-10/deployPkgDir/deploy/evidences' to '/u/dbehm/git/june-engagement-workspace/ts1_change_base/base/main/dbbbuild_2025-06-27_08-52-10/index' ...
1 new file scanned in 0.14 seconds
Index in '/u/dbehm/git/june-engagement-workspace/ts1_change_base/base/main/dbbbuild_2025-06-27_08-52-10/index':
    File count: 1 (1 new, 0 deleted)
    Field count: 109
    Record count: 139
wazideploy-evidence --index /u/dbehm/git/june-engagement-workspace/ts1_change_base/base/main/dbbbuild_2025-06-27_08-52-10/index --template /u/dbehm/git/wazi-deploy-sample/plum-samples/evidences/templates/full-report.yml --output=/u/dbehm/git/june-engagement-workspace/ts1_change_base/base/main/dbbbuild_2025-06-27_08-52-10/deployPkgDir/deploy/deployment-report_db2.html r renderer=/u/dbehm/git/wazi-deploy-sample/plum-samples/evidences/renderers/full-report.html
1 record extracted to file '/u/dbehm/git/june-engagement-workspace/ts1_change_base/base/main/dbbbuild_2025-06-27_08-52-10/deployPkgDir/deploy/deployment-report_db2.html' in 0.06 seconds
Deploy remaining artifacts
wazideploy-deploy.sh: [INFO] Deploy Package with Wazi Deploy. Version=1.20
wazideploy-deploy.sh: [INFO] ** Archive was found at location '/applicationArchive.tar'.
wazideploy-deploy.sh: [INFO] **************************************************************
wazideploy-deploy.sh: [INFO] ** Start Wazi Deploy Deployment on HOST/USER: z/OS ZT01 01.00 03 8561/BPXROOT
wazideploy-deploy.sh: [INFO] **                Application Name: base
wazideploy-deploy.sh: [INFO] **               Working Directory: /u/dbehm/git/june-engagement-workspace/ts1_change_base/base/main/dbbbuild_2025-06-27_08-52-10
wazideploy-deploy.sh: [INFO] **                 Deployment Plan: /u/dbehm/git/june-engagement-workspace/ts1_change_base/base/main/dbbbuild_2025-06-27_08-52-10/deployPkgDir/deploymentPlan.yaml
wazideploy-deploy.sh: [INFO] **                Environment File: /u/dbehm/git/wazi-deploy-sample/plum-samples/external-repos/environment-conf/python/EOLEB7-Integration.yml
wazideploy-deploy.sh: [INFO] **              Package Input File: /u/dbehm/git/june-engagement-workspace/ts1_change_base/base/main/dbbbuild_2025-06-27_08-52-10/deployPkgDir/applicationArchive.tar
wazideploy-deploy.sh: [INFO] **         User-provided extraVars: hlq=DBEHM.BASETEST
wazideploy-deploy.sh: [INFO] **                   Evidence File: /u/dbehm/git/june-engagement-workspace/ts1_change_base/base/main/dbbbuild_2025-06-27_08-52-10/deployPkgDir/deploy/evidences/evidence.yaml
wazideploy-deploy.sh: [INFO] **        Debug output is disabled.
wazideploy-deploy.sh: [INFO] **************************************************************

wazideploy-deploy --workingFolder /u/dbehm/git/june-engagement-workspace/ts1_change_base/base/main/dbbbuild_2025-06-27_08-52-10 --deploymentPlan /u/dbehm/git/june-engagement-workspace/ts1_change_base/base/main/dbbbuild_2025-06-27_08-52-10/deployPkgDir/deploymentPlan.yaml --envFile /u/dbehm/git/wazi-deploy-sample/plum-samples/external-repos/environment-conf/python/EOLEB7-Integration.yml -e application=base -e hlq=DBEHM.BASETEST --planSkipTags db2 -e deploy_cfg_home=/u/dbehm/git/wazi-deploy-sample/plum-samples/external-repos/ --packageInputFile /u/dbehm/git/june-engagement-workspace/ts1_change_base/base/main/dbbbuild_2025-06-27_08-52-10/deployPkgDir/applicationArchive.tar --evidencesFileName /u/dbehm/git/june-engagement-workspace/ts1_change_base/base/main/dbbbuild_2025-06-27_08-52-10/deployPkgDir/deploy/evidences/evidence.yaml
** Reading the deployment file from: /u/dbehm/git/june-engagement-workspace/ts1_change_base/base/main/dbbbuild_2025-06-27_08-52-10/deployPkgDir/deploymentPlan.yaml
** Reading the target environment file from: /u/dbehm/git/wazi-deploy-sample/plum-samples/external-repos/environment-conf/python/EOLEB7-Integration.yml
*! WARNING: Accessing extra vars via extra_vars.myvar in environment files is deprecated.
*!          You can now directly access the extra variables (example: myvar).
*** Validate Deployment Plan before processing it
*** End of Deployment Plan validation
*** Validate /u/dbehm/git/june-engagement-workspace/ts1_change_base/base/main/dbbbuild_2025-06-27_08-52-10/deployPkgDir/applicationArchive.tar fingerprint
*** Checksum is valid for /u/dbehm/git/june-engagement-workspace/ts1_change_base/base/main/dbbbuild_2025-06-27_08-52-10/deployPkgDir/applicationArchive.tar
** Registering SMF Record
** Processing CONFIG(s)
** Processing CONFIG/READ CONFIGURATION(s)
** Processing CONFIG/READ CONFIGURATION/INCLUDE APPLICATION VARIABLES(s) with include_vars
*** Read variable file /u/dbehm/git/wazi-deploy-sample/plum-samples/external-repos/deployment-method/global/environment-configuration/base/EOLEB7-Integration.yml
** Processing CONFIG/READ CONFIGURATION/INCLUDE MIDDLEWARE VARIABLES(s) with include_vars
*** Read variable file /u/dbehm/git/wazi-deploy-sample/plum-samples/external-repos/deployment-method/global/cics_config.yml
*** Read variable file /u/dbehm/git/wazi-deploy-sample/plum-samples/external-repos/deployment-method/global/db2_config.yml
** Processing CONFIG/READ CONFIGURATION/INCLUDE COMMON VARIABLES(s) with include_vars
*** Read variable file /u/dbehm/git/wazi-deploy-sample/plum-samples/external-repos/deployment-method/global/jcl_verification.yml
*** Read variable file /u/dbehm/git/wazi-deploy-sample/plum-samples/external-repos/deployment-method/global/pds_specification.yml
*** Read variable file /u/dbehm/git/wazi-deploy-sample/plum-samples/external-repos/deployment-method/global/types_pattern_mapping.yml
** Processing PACKAGE(s)
** Processing PACKAGE/PACKAGE(s)
** Processing PACKAGE/PACKAGE/PACKAGE(s) with package
*** Processing package /u/dbehm/git/june-engagement-workspace/ts1_change_base/base/main/dbbbuild_2025-06-27_08-52-10/deployPkgDir/applicationArchive.tar
*** Expand the package /u/dbehm/git/june-engagement-workspace/ts1_change_base/base/main/dbbbuild_2025-06-27_08-52-10/deployPkgDir/applicationArchive.tar to /u/dbehm/git/june-engagement-workspace/ts1_change_base/base/main/dbbbuild_2025-06-27_08-52-10 on system os OS/390
** Processing DEPLOY_MODULES(s)
** Processing DEPLOY_MODULES/UPDATE(s)
** Processing DEPLOY_MODULES/UPDATE/MEMBER_ARCHIVE(s) with member_archive
*** Copy 'DBEHM.BASETEST.DBRM(BAM1)' to 'DBEHM.BASETEST.BACK.DBRM(BAM1)' (1/6)
*! WARNING: force_lock=True is ineffective with native copy
*** Copy 'DBEHM.BASETEST.LOAD(BAB1)' to 'DBEHM.BASETEST.BACK.LOAD(BAB1)' (2/6)
*** Copy 'DBEHM.BASETEST.LOAD(BAO1)' to 'DBEHM.BASETEST.BACK.LOAD(BAO1)' (3/6)
*** Copy 'DBEHM.BASETEST.LOAD(BAM1)' to 'DBEHM.BASETEST.BACK.LOAD(BAM1)' (4/6)
*** Copy 'DBEHM.BASETEST.JCL(BAB1)' to 'DBEHM.BASETEST.BACK.JCL(BAB1)' (5/6)
*** Copy 'DBEHM.BASETEST.JCL(BAD1)' to 'DBEHM.BASETEST.BACK.JCL(BAD1)' (6/6)
** Processing DEPLOY_MODULES/UPDATE/MEMBER_COPY(s) with member_copy
*** Copy /u/dbehm/git/june-engagement-workspace/ts1_change_base/base/main/dbbbuild_2025-06-27_08-52-10/bin/dbrm/BAM1.DBRM to 'DBEHM.BASETEST.DBRM(BAM1)' (1/6)
*! WARNING: force_lock=True is ineffective with native copy
*** Copy /u/dbehm/git/june-engagement-workspace/ts1_change_base/base/main/dbbbuild_2025-06-27_08-52-10/bin/load/BAB1.LOAD to 'DBEHM.BASETEST.LOAD(BAB1)' (2/6)
*** Copy /u/dbehm/git/june-engagement-workspace/ts1_change_base/base/main/dbbbuild_2025-06-27_08-52-10/bin/load/BAO1.LOAD to 'DBEHM.BASETEST.LOAD(BAO1)' (3/6)
*** Copy /u/dbehm/git/june-engagement-workspace/ts1_change_base/base/main/dbbbuild_2025-06-27_08-52-10/bin/load/BAM1.LOAD to 'DBEHM.BASETEST.LOAD(BAM1)' (4/6)
*** Copy /u/dbehm/git/june-engagement-workspace/ts1_change_base/base/main/dbbbuild_2025-06-27_08-52-10/bin/jcl/BAB1.JCL to 'DBEHM.BASETEST.JCL(BAB1)' (5/6)
**** Substitute text in /u/dbehm/git/june-engagement-workspace/ts1_change_base/base/main/dbbbuild_2025-06-27_08-52-10/bin/jcl/BAB1.JCL.IBM-1047
*** Copy /u/dbehm/git/june-engagement-workspace/ts1_change_base/base/main/dbbbuild_2025-06-27_08-52-10/bin/jcl/BAD1.JCL to 'DBEHM.BASETEST.JCL(BAD1)' (6/6)
**** Substitute text in /u/dbehm/git/june-engagement-workspace/ts1_change_base/base/main/dbbbuild_2025-06-27_08-52-10/bin/jcl/BAD1.JCL.IBM-1047
** Processing VERIFICATION(s)
** Processing VERIFICATION/JCLEXPERT(s)
** Processing VERIFICATION/JCLEXPERT/SCAN_JCL(s) with job_submit
*** Render job template /u/dbehm/git/wazi-deploy-sample/plum-samples/external-repos/deployment-method/templates/jcl_expert_validation.jcl.j2 to '/tmp/wazi-deploy/jcl_gen/jcl_expert_validation.jcl'
** Job JOB06777 submitted with ZOAU Python API.
**** Job JOB06777 finished CC=0008
*** Render job template /u/dbehm/git/wazi-deploy-sample/plum-samples/external-repos/deployment-method/templates/jcl_expert_validation.jcl.j2 to '/tmp/wazi-deploy/jcl_gen/jcl_expert_validation.jcl'
** Job JOB06778 submitted with ZOAU Python API.
**** Job JOB06778 finished CC=0008
** Evidences saved in /u/dbehm/git/june-engagement-workspace/ts1_change_base/base/main/dbbbuild_2025-06-27_08-52-10/deployPkgDir/deploy/evidences/evidence.yaml
wazideploy-evidence.sh: [INFO] Generate deployment reports with Wazi Deploy. Version=1.10
wazideploy-evidence.sh: [INFO] **************************************************************
wazideploy-evidence.sh: [INFO] ** Start Wazi Deploy evidence reporting on HOST/USER: z/OS ZT01 01.00 03 8561/BPXROOT
wazideploy-evidence.sh: [INFO] **               Working Directory: /u/dbehm/git/june-engagement-workspace/ts1_change_base/base/main/dbbbuild_2025-06-27_08-52-10
wazideploy-evidence.sh: [INFO] **                     Output File: /u/dbehm/git/june-engagement-workspace/ts1_change_base/base/main/dbbbuild_2025-06-27_08-52-10/deployPkgDir/deploy/deployment-report_all.html
wazideploy-evidence.sh: [INFO] **                   Evidence File: /u/dbehm/git/june-engagement-workspace/ts1_change_base/base/main/dbbbuild_2025-06-27_08-52-10/deployPkgDir/deploy/evidences/evidence.yaml
wazideploy-evidence.sh: [INFO] **************************************************************

wazideploy-evidence --index /u/dbehm/git/june-engagement-workspace/ts1_change_base/base/main/dbbbuild_2025-06-27_08-52-10/index --dataFolder /u/dbehm/git/june-engagement-workspace/ts1_change_base/base/main/dbbbuild_2025-06-27_08-52-10/deployPkgDir/deploy/evidences i
Indexing '/u/dbehm/git/june-engagement-workspace/ts1_change_base/base/main/dbbbuild_2025-06-27_08-52-10/deployPkgDir/deploy/evidences' to '/u/dbehm/git/june-engagement-workspace/ts1_change_base/base/main/dbbbuild_2025-06-27_08-52-10/index' ...
1 new file scanned in 0.28 seconds
Index in '/u/dbehm/git/june-engagement-workspace/ts1_change_base/base/main/dbbbuild_2025-06-27_08-52-10/index':
    File count: 1 (1 new, 1 deleted)
    Field count: 123
    Record count: 414
wazideploy-evidence --index /u/dbehm/git/june-engagement-workspace/ts1_change_base/base/main/dbbbuild_2025-06-27_08-52-10/index --template /u/dbehm/git/wazi-deploy-sample/plum-samples/evidences/templates/full-report.yml --output=/u/dbehm/git/june-engagement-workspace/ts1_change_base/base/main/dbbbuild_2025-06-27_08-52-10/deployPkgDir/deploy/deployment-report_all.html r renderer=/u/dbehm/git/wazi-deploy-sample/plum-samples/evidences/renderers/full-report.html
1 record extracted to file '/u/dbehm/git/june-engagement-workspace/ts1_change_base/base/main/dbbbuild_2025-06-27_08-52-10/deployPkgDir/deploy/deployment-report_all.html' in 0.08 seconds
ts1_change_base completed with 0
