2025-06-25 10:39:08 - INFO  - deployment_method_manager.py, line 31, in load_deployment_method_from_yaml_file : * Read the deployment method from: /u/dbehm/git/wazi-deploy-sample/plum-samples/external-repos/deployment-method/deployment-method.yml
2025-06-25 10:39:08 - INFO  - wazideploy/manager/state/deployment_state_manager.py, line 491, in build        : * Build the deployment plan from the deployment method with the deployment plan extension: WdDeploymentStateExtension
2025-06-25 10:39:08 - INFO  - state/deployment_state_manager.py, line 612, in __process_package_input_files__ : * Read manifest from: /tmp/tmpdbwafe46/wazideploy_manifest_1.yml
2025-06-25 10:39:08 - INFO  - wazideploy/manager/state/deployment_state_manager.py, line 820, in __build__    : ** Generic step CONFIG/READ CONFIGURATION/INCLUDE APPLICATION VARIABLES
2025-06-25 10:39:08 - INFO  - wazideploy/manager/state/deployment_state_manager.py, line 856, in __build__    : *** No item found
2025-06-25 10:39:08 - INFO  - wazideploy/manager/state/deployment_state_manager.py, line 820, in __build__    : ** Generic step CONFIG/READ CONFIGURATION/INCLUDE MIDDLEWARE VARIABLES
2025-06-25 10:39:08 - INFO  - wazideploy/manager/state/deployment_state_manager.py, line 856, in __build__    : *** No item found
2025-06-25 10:39:08 - INFO  - wazideploy/manager/state/deployment_state_manager.py, line 820, in __build__    : ** Generic step CONFIG/READ CONFIGURATION/INCLUDE COMMON VARIABLES
2025-06-25 10:39:08 - INFO  - wazideploy/manager/state/deployment_state_manager.py, line 856, in __build__    : *** No item found
2025-06-25 10:39:08 - INFO  - wazideploy/manager/state/deployment_state_manager.py, line 820, in __build__    : ** Generic step PACKAGE/PACKAGE/PACKAGE
2025-06-25 10:39:08 - INFO  - wazideploy/manager/state/deployment_state_manager.py, line 856, in __build__    : *** No item found
2025-06-25 10:39:08 - INFO  - wazideploy/manager/state/deployment_state_manager.py, line 790, in __build__    : ** Collecting items for DELETE_MODULES/DELETE/MEMBER_ARCHIVE
2025-06-25 10:39:08 - INFO  - wazideploy/manager/state/deployment_state_manager.py, line 856, in __build__    : *** No item found
2025-06-25 10:39:08 - INFO  - wazideploy/manager/state/deployment_state_manager.py, line 790, in __build__    : ** Collecting items for DELETE_MODULES/DELETE/MEMBER_DELETE
2025-06-25 10:39:08 - INFO  - wazideploy/manager/state/deployment_state_manager.py, line 856, in __build__    : *** No item found
2025-06-25 10:39:08 - INFO  - wazideploy/manager/state/deployment_state_manager.py, line 790, in __build__    : ** Collecting items for DEPLOY_MODULES/ADD/MEMBER_COPY
2025-06-25 10:39:08 - INFO  - wazideploy/manager/state/deployment_state_manager.py, line 854, in __build__    : *** 6 items found [BAO1.LOAD, BAM1.LOAD, BAB1.JCL, BAB1.LOAD, BAD1.JCL, BAM1.DBRM]
2025-06-25 10:39:08 - INFO  - wazideploy/manager/state/deployment_state_manager.py, line 790, in __build__    : ** Collecting items for VERIFICATION/JCLEXPERT/SCAN_JCL
2025-06-25 10:39:08 - INFO  - wazideploy/manager/state/deployment_state_manager.py, line 854, in __build__    : *** 2 items found [BAB1.JCL, BAD1.JCL]
2025-06-25 10:39:08 - INFO  - wazideploy/manager/state/deployment_state_manager.py, line 790, in __build__    : ** Collecting items for DB2/UPDATE/DB2_BIND_PACKAGE
2025-06-25 10:39:08 - INFO  - wazideploy/manager/state/deployment_state_manager.py, line 854, in __build__    : *** 1 item found [BAM1.DBRM]
2025-06-25 10:39:08 - INFO  - wazideploy/manager/state/deployment_state_manager.py, line 790, in __build__    : ** Collecting items for DB2/UPDATE/DB2_BIND_PLAN
2025-06-25 10:39:08 - INFO  - wazideploy/manager/state/deployment_state_manager.py, line 854, in __build__    : *** 1 item found [BAM1.DBRM]
2025-06-25 10:39:08 - INFO  - wazideploy/manager/state/deployment_state_manager.py, line 790, in __build__    : ** Collecting items for CICS/UPDATE/PROG_UPDATE
2025-06-25 10:39:08 - INFO  - wazideploy/manager/state/deployment_state_manager.py, line 856, in __build__    : *** No item found
2025-06-25 10:39:08 - INFO  - wazideploy/util/wd.py, line 40, in main                                         : * Save the deployment plan to: /u/dbehm/git/june-engagement-workspace/ts1_change_base_delete/base/main/dbbbuild_2025-06-25_10-38-29/deployPkgDir/deploymentPlan.yaml
2025-06-25 10:42:34 - INFO  - deployment_method_manager.py, line 31, in load_deployment_method_from_yaml_file : * Read the deployment method from: /u/dbehm/git/wazi-deploy-sample/plum-samples/external-repos/deployment-method/deployment-method.yml
2025-06-25 10:42:34 - INFO  - wazideploy/manager/state/deployment_state_manager.py, line 491, in build        : * Build the deployment plan from the deployment method with the deployment plan extension: WdDeploymentStateExtension
2025-06-25 10:42:34 - INFO  - state/deployment_state_manager.py, line 612, in __process_package_input_files__ : * Read manifest from: /tmp/tmptc87q93n/wazideploy_manifest_1.yml
2025-06-25 10:42:34 - INFO  - wazideploy/manager/state/deployment_state_manager.py, line 820, in __build__    : ** Generic step CONFIG/READ CONFIGURATION/INCLUDE APPLICATION VARIABLES
2025-06-25 10:42:34 - INFO  - wazideploy/manager/state/deployment_state_manager.py, line 856, in __build__    : *** No item found
2025-06-25 10:42:34 - INFO  - wazideploy/manager/state/deployment_state_manager.py, line 820, in __build__    : ** Generic step CONFIG/READ CONFIGURATION/INCLUDE MIDDLEWARE VARIABLES
2025-06-25 10:42:34 - INFO  - wazideploy/manager/state/deployment_state_manager.py, line 856, in __build__    : *** No item found
2025-06-25 10:42:34 - INFO  - wazideploy/manager/state/deployment_state_manager.py, line 820, in __build__    : ** Generic step CONFIG/READ CONFIGURATION/INCLUDE COMMON VARIABLES
2025-06-25 10:42:34 - INFO  - wazideploy/manager/state/deployment_state_manager.py, line 856, in __build__    : *** No item found
2025-06-25 10:42:34 - INFO  - wazideploy/manager/state/deployment_state_manager.py, line 820, in __build__    : ** Generic step PACKAGE/PACKAGE/PACKAGE
2025-06-25 10:42:34 - INFO  - wazideploy/manager/state/deployment_state_manager.py, line 856, in __build__    : *** No item found
2025-06-25 10:42:34 - INFO  - wazideploy/manager/state/deployment_state_manager.py, line 790, in __build__    : ** Collecting items for DELETE_MODULES/DELETE/MEMBER_ARCHIVE
2025-06-25 10:42:34 - INFO  - wazideploy/manager/state/deployment_state_manager.py, line 856, in __build__    : *** No item found
2025-06-25 10:42:34 - INFO  - wazideploy/manager/state/deployment_state_manager.py, line 790, in __build__    : ** Collecting items for DELETE_MODULES/DELETE/MEMBER_DELETE
2025-06-25 10:42:34 - INFO  - wazideploy/manager/state/deployment_state_manager.py, line 856, in __build__    : *** No item found
2025-06-25 10:42:34 - INFO  - wazideploy/manager/state/deployment_state_manager.py, line 790, in __build__    : ** Collecting items for DEPLOY_MODULES/ADD/MEMBER_COPY
2025-06-25 10:42:34 - INFO  - wazideploy/manager/state/deployment_state_manager.py, line 854, in __build__    : *** 6 items found [BAD1.JCL, BAB1.LOAD, BAM1.LOAD, BAM1.DBRM, BAB1.JCL, BAO1.LOAD]
2025-06-25 10:42:34 - INFO  - wazideploy/manager/state/deployment_state_manager.py, line 790, in __build__    : ** Collecting items for VERIFICATION/JCLEXPERT/SCAN_JCL
2025-06-25 10:42:34 - INFO  - wazideploy/manager/state/deployment_state_manager.py, line 854, in __build__    : *** 2 items found [BAD1.JCL, BAB1.JCL]
2025-06-25 10:42:34 - INFO  - wazideploy/manager/state/deployment_state_manager.py, line 790, in __build__    : ** Collecting items for DB2/UPDATE/DB2_BIND_PACKAGE
2025-06-25 10:42:34 - INFO  - wazideploy/manager/state/deployment_state_manager.py, line 854, in __build__    : *** 1 item found [BAM1.DBRM]
2025-06-25 10:42:34 - INFO  - wazideploy/manager/state/deployment_state_manager.py, line 790, in __build__    : ** Collecting items for DB2/UPDATE/DB2_BIND_PLAN
2025-06-25 10:42:34 - INFO  - wazideploy/manager/state/deployment_state_manager.py, line 854, in __build__    : *** 1 item found [BAM1.DBRM]
2025-06-25 10:42:34 - INFO  - wazideploy/manager/state/deployment_state_manager.py, line 790, in __build__    : ** Collecting items for CICS/UPDATE/PROG_UPDATE
2025-06-25 10:42:34 - INFO  - wazideploy/manager/state/deployment_state_manager.py, line 856, in __build__    : *** No item found
2025-06-25 10:42:34 - INFO  - wazideploy/util/wd.py, line 40, in main                                         : * Save the deployment plan to: /u/dbehm/git/june-engagement-workspace/ts1_change_base_delete/base/main/dbbbuild_2025-06-25_10-41-44/deployPkgDir/deploymentPlan.yaml
2025-06-25 10:44:37 - INFO  - deployment_method_manager.py, line 31, in load_deployment_method_from_yaml_file : * Read the deployment method from: /u/dbehm/git/wazi-deploy-sample/plum-samples/external-repos/deployment-method/deployment-method.yml
2025-06-25 10:44:37 - INFO  - wazideploy/manager/state/deployment_state_manager.py, line 491, in build        : * Build the deployment plan from the deployment method with the deployment plan extension: WdDeploymentStateExtension
2025-06-25 10:44:37 - INFO  - state/deployment_state_manager.py, line 612, in __process_package_input_files__ : * Read manifest from: /tmp/tmprha6i0pc/wazideploy_manifest_1.yml
2025-06-25 10:44:37 - INFO  - wazideploy/manager/state/deployment_state_manager.py, line 820, in __build__    : ** Generic step CONFIG/READ CONFIGURATION/INCLUDE APPLICATION VARIABLES
2025-06-25 10:44:37 - INFO  - wazideploy/manager/state/deployment_state_manager.py, line 856, in __build__    : *** No item found
2025-06-25 10:44:37 - INFO  - wazideploy/manager/state/deployment_state_manager.py, line 820, in __build__    : ** Generic step CONFIG/READ CONFIGURATION/INCLUDE MIDDLEWARE VARIABLES
2025-06-25 10:44:37 - INFO  - wazideploy/manager/state/deployment_state_manager.py, line 856, in __build__    : *** No item found
2025-06-25 10:44:37 - INFO  - wazideploy/manager/state/deployment_state_manager.py, line 820, in __build__    : ** Generic step CONFIG/READ CONFIGURATION/INCLUDE COMMON VARIABLES
2025-06-25 10:44:37 - INFO  - wazideploy/manager/state/deployment_state_manager.py, line 856, in __build__    : *** No item found
2025-06-25 10:44:37 - INFO  - wazideploy/manager/state/deployment_state_manager.py, line 820, in __build__    : ** Generic step PACKAGE/PACKAGE/PACKAGE
2025-06-25 10:44:37 - INFO  - wazideploy/manager/state/deployment_state_manager.py, line 856, in __build__    : *** No item found
2025-06-25 10:44:37 - INFO  - wazideploy/manager/state/deployment_state_manager.py, line 790, in __build__    : ** Collecting items for DELETE_MODULES/DELETE/MEMBER_ARCHIVE
2025-06-25 10:44:37 - INFO  - wazideploy/manager/state/deployment_state_manager.py, line 856, in __build__    : *** No item found
2025-06-25 10:44:37 - INFO  - wazideploy/manager/state/deployment_state_manager.py, line 790, in __build__    : ** Collecting items for DELETE_MODULES/DELETE/MEMBER_DELETE
2025-06-25 10:44:37 - INFO  - wazideploy/manager/state/deployment_state_manager.py, line 856, in __build__    : *** No item found
2025-06-25 10:44:37 - INFO  - wazideploy/manager/state/deployment_state_manager.py, line 790, in __build__    : ** Collecting items for DEPLOY_MODULES/ADD/MEMBER_COPY
2025-06-25 10:44:37 - INFO  - wazideploy/manager/state/deployment_state_manager.py, line 854, in __build__    : *** 6 items found [BAO1.LOAD, BAM1.LOAD, BAD1.JCL, BAB1.JCL, BAB1.LOAD, BAM1.DBRM]
2025-06-25 10:44:37 - INFO  - wazideploy/manager/state/deployment_state_manager.py, line 790, in __build__    : ** Collecting items for VERIFICATION/JCLEXPERT/SCAN_JCL
2025-06-25 10:44:37 - INFO  - wazideploy/manager/state/deployment_state_manager.py, line 854, in __build__    : *** 2 items found [BAD1.JCL, BAB1.JCL]
2025-06-25 10:44:37 - INFO  - wazideploy/manager/state/deployment_state_manager.py, line 790, in __build__    : ** Collecting items for DB2/UPDATE/DB2_BIND_PACKAGE
2025-06-25 10:44:37 - INFO  - wazideploy/manager/state/deployment_state_manager.py, line 854, in __build__    : *** 1 item found [BAM1.DBRM]
2025-06-25 10:44:37 - INFO  - wazideploy/manager/state/deployment_state_manager.py, line 790, in __build__    : ** Collecting items for DB2/UPDATE/DB2_BIND_PLAN
2025-06-25 10:44:37 - INFO  - wazideploy/manager/state/deployment_state_manager.py, line 854, in __build__    : *** 1 item found [BAM1.DBRM]
2025-06-25 10:44:37 - INFO  - wazideploy/manager/state/deployment_state_manager.py, line 790, in __build__    : ** Collecting items for CICS/UPDATE/PROG_UPDATE
2025-06-25 10:44:37 - INFO  - wazideploy/manager/state/deployment_state_manager.py, line 856, in __build__    : *** No item found
2025-06-25 10:44:37 - INFO  - wazideploy/util/wd.py, line 40, in main                                         : * Save the deployment plan to: /u/dbehm/git/june-engagement-workspace/ts1_change_base_delete/base/main/dbbbuild_2025-06-25_10-43-46/deployPkgDir/deploymentPlan.yaml
2025-06-25 10:48:12 - INFO  - deployment_method_manager.py, line 31, in load_deployment_method_from_yaml_file : * Read the deployment method from: /u/dbehm/git/wazi-deploy-sample/plum-samples/external-repos/deployment-method/deployment-method.yml
2025-06-25 10:48:12 - INFO  - wazideploy/manager/state/deployment_state_manager.py, line 491, in build        : * Build the deployment plan from the deployment method with the deployment plan extension: WdDeploymentStateExtension
2025-06-25 10:48:12 - INFO  - state/deployment_state_manager.py, line 612, in __process_package_input_files__ : * Read manifest from: /tmp/tmpzjmn2cdi/wazideploy_manifest_1.yml
2025-06-25 10:48:12 - INFO  - wazideploy/manager/state/deployment_state_manager.py, line 820, in __build__    : ** Generic step CONFIG/READ CONFIGURATION/INCLUDE APPLICATION VARIABLES
2025-06-25 10:48:12 - INFO  - wazideploy/manager/state/deployment_state_manager.py, line 856, in __build__    : *** No item found
2025-06-25 10:48:12 - INFO  - wazideploy/manager/state/deployment_state_manager.py, line 820, in __build__    : ** Generic step CONFIG/READ CONFIGURATION/INCLUDE MIDDLEWARE VARIABLES
2025-06-25 10:48:12 - INFO  - wazideploy/manager/state/deployment_state_manager.py, line 856, in __build__    : *** No item found
2025-06-25 10:48:12 - INFO  - wazideploy/manager/state/deployment_state_manager.py, line 820, in __build__    : ** Generic step CONFIG/READ CONFIGURATION/INCLUDE COMMON VARIABLES
2025-06-25 10:48:12 - INFO  - wazideploy/manager/state/deployment_state_manager.py, line 856, in __build__    : *** No item found
2025-06-25 10:48:12 - INFO  - wazideploy/manager/state/deployment_state_manager.py, line 820, in __build__    : ** Generic step PACKAGE/PACKAGE/PACKAGE
2025-06-25 10:48:12 - INFO  - wazideploy/manager/state/deployment_state_manager.py, line 856, in __build__    : *** No item found
2025-06-25 10:48:12 - INFO  - wazideploy/manager/state/deployment_state_manager.py, line 790, in __build__    : ** Collecting items for DELETE_MODULES/DELETE/MEMBER_ARCHIVE
2025-06-25 10:48:12 - INFO  - wazideploy/manager/state/deployment_state_manager.py, line 856, in __build__    : *** No item found
2025-06-25 10:48:12 - INFO  - wazideploy/manager/state/deployment_state_manager.py, line 790, in __build__    : ** Collecting items for DELETE_MODULES/DELETE/MEMBER_DELETE
2025-06-25 10:48:12 - INFO  - wazideploy/manager/state/deployment_state_manager.py, line 856, in __build__    : *** No item found
2025-06-25 10:48:12 - INFO  - wazideploy/manager/state/deployment_state_manager.py, line 790, in __build__    : ** Collecting items for DEPLOY_MODULES/ADD/MEMBER_COPY
2025-06-25 10:48:12 - INFO  - wazideploy/manager/state/deployment_state_manager.py, line 854, in __build__    : *** 6 items found [BAB1.JCL, BAD1.JCL, BAM1.DBRM, BAO1.LOAD, BAB1.LOAD, BAM1.LOAD]
2025-06-25 10:48:12 - INFO  - wazideploy/manager/state/deployment_state_manager.py, line 790, in __build__    : ** Collecting items for VERIFICATION/JCLEXPERT/SCAN_JCL
2025-06-25 10:48:12 - INFO  - wazideploy/manager/state/deployment_state_manager.py, line 854, in __build__    : *** 2 items found [BAB1.JCL, BAD1.JCL]
2025-06-25 10:48:12 - INFO  - wazideploy/manager/state/deployment_state_manager.py, line 790, in __build__    : ** Collecting items for DB2/UPDATE/DB2_BIND_PACKAGE
2025-06-25 10:48:12 - INFO  - wazideploy/manager/state/deployment_state_manager.py, line 854, in __build__    : *** 1 item found [BAM1.DBRM]
2025-06-25 10:48:12 - INFO  - wazideploy/manager/state/deployment_state_manager.py, line 790, in __build__    : ** Collecting items for DB2/UPDATE/DB2_BIND_PLAN
2025-06-25 10:48:12 - INFO  - wazideploy/manager/state/deployment_state_manager.py, line 854, in __build__    : *** 1 item found [BAM1.DBRM]
2025-06-25 10:48:12 - INFO  - wazideploy/manager/state/deployment_state_manager.py, line 790, in __build__    : ** Collecting items for CICS/UPDATE/PROG_UPDATE
2025-06-25 10:48:12 - INFO  - wazideploy/manager/state/deployment_state_manager.py, line 856, in __build__    : *** No item found
2025-06-25 10:48:12 - INFO  - wazideploy/util/wd.py, line 40, in main                                         : * Save the deployment plan to: /u/dbehm/git/june-engagement-workspace/ts1_change_base_delete/base/main/dbbbuild_2025-06-25_10-47-31/deployPkgDir/deploymentPlan.yaml
2025-06-25 11:02:47 - INFO  - deployment_method_manager.py, line 31, in load_deployment_method_from_yaml_file : * Read the deployment method from: /u/dbehm/git/wazi-deploy-sample/plum-samples/external-repos/deployment-method/deployment-method.yml
2025-06-25 11:02:47 - INFO  - wazideploy/manager/state/deployment_state_manager.py, line 491, in build        : * Build the deployment plan from the deployment method with the deployment plan extension: WdDeploymentStateExtension
2025-06-25 11:02:48 - INFO  - state/deployment_state_manager.py, line 612, in __process_package_input_files__ : * Read manifest from: /tmp/tmp2a0bd19s/wazideploy_manifest_1.yml
2025-06-25 11:02:48 - INFO  - wazideploy/manager/state/deployment_state_manager.py, line 820, in __build__    : ** Generic step CONFIG/READ CONFIGURATION/INCLUDE APPLICATION VARIABLES
2025-06-25 11:02:48 - INFO  - wazideploy/manager/state/deployment_state_manager.py, line 856, in __build__    : *** No item found
2025-06-25 11:02:48 - INFO  - wazideploy/manager/state/deployment_state_manager.py, line 820, in __build__    : ** Generic step CONFIG/READ CONFIGURATION/INCLUDE MIDDLEWARE VARIABLES
2025-06-25 11:02:48 - INFO  - wazideploy/manager/state/deployment_state_manager.py, line 856, in __build__    : *** No item found
2025-06-25 11:02:48 - INFO  - wazideploy/manager/state/deployment_state_manager.py, line 820, in __build__    : ** Generic step CONFIG/READ CONFIGURATION/INCLUDE COMMON VARIABLES
2025-06-25 11:02:48 - INFO  - wazideploy/manager/state/deployment_state_manager.py, line 856, in __build__    : *** No item found
2025-06-25 11:02:48 - INFO  - wazideploy/manager/state/deployment_state_manager.py, line 820, in __build__    : ** Generic step PACKAGE/PACKAGE/PACKAGE
2025-06-25 11:02:48 - INFO  - wazideploy/manager/state/deployment_state_manager.py, line 856, in __build__    : *** No item found
2025-06-25 11:02:48 - INFO  - wazideploy/manager/state/deployment_state_manager.py, line 790, in __build__    : ** Collecting items for DELETE_MODULES/DELETE/MEMBER_ARCHIVE
2025-06-25 11:02:48 - INFO  - wazideploy/manager/state/deployment_state_manager.py, line 856, in __build__    : *** No item found
2025-06-25 11:02:48 - INFO  - wazideploy/manager/state/deployment_state_manager.py, line 790, in __build__    : ** Collecting items for DELETE_MODULES/DELETE/MEMBER_DELETE
2025-06-25 11:02:48 - INFO  - wazideploy/manager/state/deployment_state_manager.py, line 856, in __build__    : *** No item found
2025-06-25 11:02:48 - INFO  - wazideploy/manager/state/deployment_state_manager.py, line 790, in __build__    : ** Collecting items for DEPLOY_MODULES/ADD/MEMBER_COPY
2025-06-25 11:02:48 - INFO  - wazideploy/manager/state/deployment_state_manager.py, line 854, in __build__    : *** 6 items found [BAM1.DBRM, BAB1.LOAD, BAD1.JCL, BAB1.JCL, BAO1.LOAD, BAM1.LOAD]
2025-06-25 11:02:48 - INFO  - wazideploy/manager/state/deployment_state_manager.py, line 790, in __build__    : ** Collecting items for VERIFICATION/JCLEXPERT/SCAN_JCL
2025-06-25 11:02:48 - INFO  - wazideploy/manager/state/deployment_state_manager.py, line 854, in __build__    : *** 2 items found [BAD1.JCL, BAB1.JCL]
2025-06-25 11:02:48 - INFO  - wazideploy/manager/state/deployment_state_manager.py, line 790, in __build__    : ** Collecting items for DB2/UPDATE/DB2_BIND_PACKAGE
2025-06-25 11:02:48 - INFO  - wazideploy/manager/state/deployment_state_manager.py, line 854, in __build__    : *** 1 item found [BAM1.DBRM]
2025-06-25 11:02:48 - INFO  - wazideploy/manager/state/deployment_state_manager.py, line 790, in __build__    : ** Collecting items for DB2/UPDATE/DB2_BIND_PLAN
2025-06-25 11:02:48 - INFO  - wazideploy/manager/state/deployment_state_manager.py, line 854, in __build__    : *** 1 item found [BAM1.DBRM]
2025-06-25 11:02:48 - INFO  - wazideploy/manager/state/deployment_state_manager.py, line 790, in __build__    : ** Collecting items for CICS/UPDATE/PROG_UPDATE
2025-06-25 11:02:48 - INFO  - wazideploy/manager/state/deployment_state_manager.py, line 856, in __build__    : *** No item found
2025-06-25 11:02:48 - INFO  - wazideploy/util/wd.py, line 40, in main                                         : * Save the deployment plan to: /u/dbehm/git/june-engagement-workspace/ts1_change_base_delete/base/main/dbbbuild_2025-06-25_11-02-07/deployPkgDir/deploymentPlan.yaml
2025-06-25 11:04:25 - INFO  - deployment_method_manager.py, line 31, in load_deployment_method_from_yaml_file : * Read the deployment method from: /u/dbehm/git/wazi-deploy-sample/plum-samples/external-repos/deployment-method/deployment-method.yml
2025-06-25 11:04:25 - INFO  - wazideploy/manager/state/deployment_state_manager.py, line 491, in build        : * Build the deployment plan from the deployment method with the deployment plan extension: WdDeploymentStateExtension
2025-06-25 11:04:25 - INFO  - state/deployment_state_manager.py, line 612, in __process_package_input_files__ : * Read manifest from: /tmp/tmp3a_lhy4h/wazideploy_manifest_1.yml
2025-06-25 11:04:25 - INFO  - wazideploy/manager/state/deployment_state_manager.py, line 820, in __build__    : ** Generic step CONFIG/READ CONFIGURATION/INCLUDE APPLICATION VARIABLES
2025-06-25 11:04:25 - INFO  - wazideploy/manager/state/deployment_state_manager.py, line 856, in __build__    : *** No item found
2025-06-25 11:04:25 - INFO  - wazideploy/manager/state/deployment_state_manager.py, line 820, in __build__    : ** Generic step CONFIG/READ CONFIGURATION/INCLUDE MIDDLEWARE VARIABLES
2025-06-25 11:04:25 - INFO  - wazideploy/manager/state/deployment_state_manager.py, line 856, in __build__    : *** No item found
2025-06-25 11:04:25 - INFO  - wazideploy/manager/state/deployment_state_manager.py, line 820, in __build__    : ** Generic step CONFIG/READ CONFIGURATION/INCLUDE COMMON VARIABLES
2025-06-25 11:04:25 - INFO  - wazideploy/manager/state/deployment_state_manager.py, line 856, in __build__    : *** No item found
2025-06-25 11:04:25 - INFO  - wazideploy/manager/state/deployment_state_manager.py, line 820, in __build__    : ** Generic step PACKAGE/PACKAGE/PACKAGE
2025-06-25 11:04:25 - INFO  - wazideploy/manager/state/deployment_state_manager.py, line 856, in __build__    : *** No item found
2025-06-25 11:04:25 - INFO  - wazideploy/manager/state/deployment_state_manager.py, line 790, in __build__    : ** Collecting items for DELETE_MODULES/DELETE/MEMBER_ARCHIVE
2025-06-25 11:04:25 - INFO  - wazideploy/manager/state/deployment_state_manager.py, line 854, in __build__    : *** 1 item found [BAB1.JCL]
2025-06-25 11:04:25 - INFO  - wazideploy/manager/state/deployment_state_manager.py, line 790, in __build__    : ** Collecting items for DELETE_MODULES/DELETE/MEMBER_DELETE
2025-06-25 11:04:25 - INFO  - wazideploy/manager/state/deployment_state_manager.py, line 854, in __build__    : *** 1 item found [BAB1.JCL]
2025-06-25 11:04:25 - INFO  - wazideploy/manager/state/deployment_state_manager.py, line 790, in __build__    : ** Collecting items for DEPLOY_MODULES/ADD/MEMBER_COPY
2025-06-25 11:04:25 - INFO  - wazideploy/manager/state/deployment_state_manager.py, line 856, in __build__    : *** No item found
2025-06-25 11:04:25 - INFO  - wazideploy/manager/state/deployment_state_manager.py, line 790, in __build__    : ** Collecting items for VERIFICATION/JCLEXPERT/SCAN_JCL
2025-06-25 11:04:25 - INFO  - wazideploy/manager/state/deployment_state_manager.py, line 854, in __build__    : *** 1 item found [BAB1.JCL]
2025-06-25 11:04:25 - INFO  - wazideploy/manager/state/deployment_state_manager.py, line 790, in __build__    : ** Collecting items for DB2/UPDATE/DB2_BIND_PACKAGE
2025-06-25 11:04:25 - INFO  - wazideploy/manager/state/deployment_state_manager.py, line 856, in __build__    : *** No item found
2025-06-25 11:04:25 - INFO  - wazideploy/manager/state/deployment_state_manager.py, line 790, in __build__    : ** Collecting items for DB2/UPDATE/DB2_BIND_PLAN
2025-06-25 11:04:25 - INFO  - wazideploy/manager/state/deployment_state_manager.py, line 856, in __build__    : *** No item found
2025-06-25 11:04:25 - INFO  - wazideploy/manager/state/deployment_state_manager.py, line 790, in __build__    : ** Collecting items for CICS/UPDATE/PROG_UPDATE
2025-06-25 11:04:25 - INFO  - wazideploy/manager/state/deployment_state_manager.py, line 856, in __build__    : *** No item found
2025-06-25 11:04:25 - INFO  - wazideploy/util/wd.py, line 40, in main                                         : * Save the deployment plan to: /u/dbehm/git/june-engagement-workspace/ts1_change_base_delete/base/main/dbbbuild_2025-06-25_11-02-07/deployPkgDir/deploymentPlan.yaml
2025-06-25 11:15:27 - INFO  - deployment_method_manager.py, line 31, in load_deployment_method_from_yaml_file : * Read the deployment method from: /u/dbehm/git/wazi-deploy-sample/plum-samples/external-repos/deployment-method/deployment-method.yml
2025-06-25 11:15:27 - INFO  - wazideploy/manager/state/deployment_state_manager.py, line 491, in build        : * Build the deployment plan from the deployment method with the deployment plan extension: WdDeploymentStateExtension
2025-06-25 11:15:27 - INFO  - state/deployment_state_manager.py, line 612, in __process_package_input_files__ : * Read manifest from: /tmp/tmprvlje1id/wazideploy_manifest_1.yml
2025-06-25 11:15:27 - INFO  - wazideploy/manager/state/deployment_state_manager.py, line 820, in __build__    : ** Generic step CONFIG/READ CONFIGURATION/INCLUDE APPLICATION VARIABLES
2025-06-25 11:15:27 - INFO  - wazideploy/manager/state/deployment_state_manager.py, line 856, in __build__    : *** No item found
2025-06-25 11:15:27 - INFO  - wazideploy/manager/state/deployment_state_manager.py, line 820, in __build__    : ** Generic step CONFIG/READ CONFIGURATION/INCLUDE MIDDLEWARE VARIABLES
2025-06-25 11:15:27 - INFO  - wazideploy/manager/state/deployment_state_manager.py, line 856, in __build__    : *** No item found
2025-06-25 11:15:27 - INFO  - wazideploy/manager/state/deployment_state_manager.py, line 820, in __build__    : ** Generic step CONFIG/READ CONFIGURATION/INCLUDE COMMON VARIABLES
2025-06-25 11:15:27 - INFO  - wazideploy/manager/state/deployment_state_manager.py, line 856, in __build__    : *** No item found
2025-06-25 11:15:27 - INFO  - wazideploy/manager/state/deployment_state_manager.py, line 820, in __build__    : ** Generic step PACKAGE/PACKAGE/PACKAGE
2025-06-25 11:15:27 - INFO  - wazideploy/manager/state/deployment_state_manager.py, line 856, in __build__    : *** No item found
2025-06-25 11:15:27 - INFO  - wazideploy/manager/state/deployment_state_manager.py, line 790, in __build__    : ** Collecting items for DELETE_MODULES/DELETE/MEMBER_ARCHIVE
2025-06-25 11:15:27 - INFO  - wazideploy/manager/state/deployment_state_manager.py, line 856, in __build__    : *** No item found
2025-06-25 11:15:27 - INFO  - wazideploy/manager/state/deployment_state_manager.py, line 790, in __build__    : ** Collecting items for DELETE_MODULES/DELETE/MEMBER_DELETE
2025-06-25 11:15:27 - INFO  - wazideploy/manager/state/deployment_state_manager.py, line 856, in __build__    : *** No item found
2025-06-25 11:15:27 - INFO  - wazideploy/manager/state/deployment_state_manager.py, line 790, in __build__    : ** Collecting items for DEPLOY_MODULES/ADD/MEMBER_COPY
2025-06-25 11:15:27 - INFO  - wazideploy/manager/state/deployment_state_manager.py, line 854, in __build__    : *** 6 items found [BAD1.JCL, BAM1.DBRM, BAB1.JCL, BAO1.LOAD, BAB1.LOAD, BAM1.LOAD]
2025-06-25 11:15:27 - INFO  - wazideploy/manager/state/deployment_state_manager.py, line 790, in __build__    : ** Collecting items for VERIFICATION/JCLEXPERT/SCAN_JCL
2025-06-25 11:15:27 - INFO  - wazideploy/manager/state/deployment_state_manager.py, line 854, in __build__    : *** 2 items found [BAD1.JCL, BAB1.JCL]
2025-06-25 11:15:27 - INFO  - wazideploy/manager/state/deployment_state_manager.py, line 790, in __build__    : ** Collecting items for DB2/UPDATE/DB2_BIND_PACKAGE
2025-06-25 11:15:27 - INFO  - wazideploy/manager/state/deployment_state_manager.py, line 854, in __build__    : *** 1 item found [BAM1.DBRM]
2025-06-25 11:15:27 - INFO  - wazideploy/manager/state/deployment_state_manager.py, line 790, in __build__    : ** Collecting items for DB2/UPDATE/DB2_BIND_PLAN
2025-06-25 11:15:27 - INFO  - wazideploy/manager/state/deployment_state_manager.py, line 854, in __build__    : *** 1 item found [BAM1.DBRM]
2025-06-25 11:15:27 - INFO  - wazideploy/manager/state/deployment_state_manager.py, line 790, in __build__    : ** Collecting items for CICS/UPDATE/PROG_UPDATE
2025-06-25 11:15:27 - INFO  - wazideploy/manager/state/deployment_state_manager.py, line 856, in __build__    : *** No item found
2025-06-25 11:15:27 - INFO  - wazideploy/util/wd.py, line 40, in main                                         : * Save the deployment plan to: /u/dbehm/git/june-engagement-workspace/ts1_change_base_delete/base/main/dbbbuild_2025-06-25_11-14-53/deployPkgDir/deploymentPlan.yaml
2025-06-25 11:16:31 - INFO  - deployment_method_manager.py, line 31, in load_deployment_method_from_yaml_file : * Read the deployment method from: /u/dbehm/git/wazi-deploy-sample/plum-samples/external-repos/deployment-method/deployment-method.yml
2025-06-25 11:16:31 - INFO  - wazideploy/manager/state/deployment_state_manager.py, line 491, in build        : * Build the deployment plan from the deployment method with the deployment plan extension: WdDeploymentStateExtension
2025-06-25 11:16:31 - INFO  - state/deployment_state_manager.py, line 612, in __process_package_input_files__ : * Read manifest from: /tmp/tmpxz2mfe3_/wazideploy_manifest_1.yml
2025-06-25 11:16:31 - INFO  - wazideploy/manager/state/deployment_state_manager.py, line 820, in __build__    : ** Generic step CONFIG/READ CONFIGURATION/INCLUDE APPLICATION VARIABLES
2025-06-25 11:16:31 - INFO  - wazideploy/manager/state/deployment_state_manager.py, line 856, in __build__    : *** No item found
2025-06-25 11:16:31 - INFO  - wazideploy/manager/state/deployment_state_manager.py, line 820, in __build__    : ** Generic step CONFIG/READ CONFIGURATION/INCLUDE MIDDLEWARE VARIABLES
2025-06-25 11:16:31 - INFO  - wazideploy/manager/state/deployment_state_manager.py, line 856, in __build__    : *** No item found
2025-06-25 11:16:31 - INFO  - wazideploy/manager/state/deployment_state_manager.py, line 820, in __build__    : ** Generic step CONFIG/READ CONFIGURATION/INCLUDE COMMON VARIABLES
2025-06-25 11:16:31 - INFO  - wazideploy/manager/state/deployment_state_manager.py, line 856, in __build__    : *** No item found
2025-06-25 11:16:31 - INFO  - wazideploy/manager/state/deployment_state_manager.py, line 820, in __build__    : ** Generic step PACKAGE/PACKAGE/PACKAGE
2025-06-25 11:16:31 - INFO  - wazideploy/manager/state/deployment_state_manager.py, line 856, in __build__    : *** No item found
2025-06-25 11:16:31 - INFO  - wazideploy/manager/state/deployment_state_manager.py, line 790, in __build__    : ** Collecting items for DELETE_MODULES/DELETE/MEMBER_ARCHIVE
2025-06-25 11:16:31 - INFO  - wazideploy/manager/state/deployment_state_manager.py, line 854, in __build__    : *** 1 item found [BAB1.JCL]
2025-06-25 11:16:31 - INFO  - wazideploy/manager/state/deployment_state_manager.py, line 790, in __build__    : ** Collecting items for DELETE_MODULES/DELETE/MEMBER_DELETE
2025-06-25 11:16:31 - INFO  - wazideploy/manager/state/deployment_state_manager.py, line 854, in __build__    : *** 1 item found [BAB1.JCL]
2025-06-25 11:16:31 - INFO  - wazideploy/manager/state/deployment_state_manager.py, line 790, in __build__    : ** Collecting items for DEPLOY_MODULES/ADD/MEMBER_COPY
2025-06-25 11:16:31 - INFO  - wazideploy/manager/state/deployment_state_manager.py, line 856, in __build__    : *** No item found
2025-06-25 11:16:31 - INFO  - wazideploy/manager/state/deployment_state_manager.py, line 790, in __build__    : ** Collecting items for VERIFICATION/JCLEXPERT/SCAN_JCL
2025-06-25 11:16:31 - INFO  - wazideploy/manager/state/deployment_state_manager.py, line 856, in __build__    : *** No item found
2025-06-25 11:16:31 - INFO  - wazideploy/manager/state/deployment_state_manager.py, line 790, in __build__    : ** Collecting items for DB2/UPDATE/DB2_BIND_PACKAGE
2025-06-25 11:16:31 - INFO  - wazideploy/manager/state/deployment_state_manager.py, line 856, in __build__    : *** No item found
2025-06-25 11:16:31 - INFO  - wazideploy/manager/state/deployment_state_manager.py, line 790, in __build__    : ** Collecting items for DB2/UPDATE/DB2_BIND_PLAN
2025-06-25 11:16:31 - INFO  - wazideploy/manager/state/deployment_state_manager.py, line 856, in __build__    : *** No item found
2025-06-25 11:16:31 - INFO  - wazideploy/manager/state/deployment_state_manager.py, line 790, in __build__    : ** Collecting items for CICS/UPDATE/PROG_UPDATE
2025-06-25 11:16:31 - INFO  - wazideploy/manager/state/deployment_state_manager.py, line 856, in __build__    : *** No item found
2025-06-25 11:16:31 - INFO  - wazideploy/util/wd.py, line 40, in main                                         : * Save the deployment plan to: /u/dbehm/git/june-engagement-workspace/ts1_change_base_delete/base/main/dbbbuild_2025-06-25_11-14-53/deployPkgDir/deploymentPlan.yaml
